{"C:\\Users\\HP\\Desktop\\Diplom_Project\\askyinde\\src\\App.js": {"path":"C:\\Users\\HP\\Desktop\\Diplom_Project\\askyinde\\src\\App.js","statementMap":{"0":{"start":{"line":23,"column":18},"end":{"line":141,"column":1}},"1":{"start":{"line":24,"column":19},"end":{"line":24,"column":32}},"2":{"start":{"line":26,"column":16},"end":{"line":59,"column":2}},"3":{"start":{"line":28,"column":4},"end":{"line":56,"column":5}},"4":{"start":{"line":30,"column":18},"end":{"line":34,"column":8}},"5":{"start":{"line":36,"column":19},"end":{"line":36,"column":35}},"6":{"start":{"line":38,"column":23},"end":{"line":43,"column":7}},"7":{"start":{"line":46,"column":6},"end":{"line":46,"column":24}},"8":{"start":{"line":49,"column":6},"end":{"line":49,"column":61}},"9":{"start":{"line":51,"column":6},"end":{"line":51,"column":16}},"10":{"start":{"line":52,"column":6},"end":{"line":52,"column":27}},"11":{"start":{"line":55,"column":6},"end":{"line":55,"column":61}},"12":{"start":{"line":58,"column":17},"end":{"line":58,"column":50}},"13":{"start":{"line":61,"column":2},"end":{"line":61,"column":27}},"14":{"start":{"line":61,"column":15},"end":{"line":61,"column":27}},"15":{"start":{"line":63,"column":2},"end":{"line":140,"column":4}},"16":{"start":{"line":97,"column":33},"end":{"line":97,"column":40}},"17":{"start":{"line":147,"column":20},"end":{"line":248,"column":1}},"18":{"start":{"line":148,"column":38},"end":{"line":148,"column":52}},"19":{"start":{"line":149,"column":46},"end":{"line":149,"column":61}},"20":{"start":{"line":150,"column":50},"end":{"line":150,"column":65}},"21":{"start":{"line":151,"column":48},"end":{"line":151,"column":63}},"22":{"start":{"line":153,"column":22},"end":{"line":153,"column":31}},"23":{"start":{"line":154,"column":21},"end":{"line":154,"column":30}},"24":{"start":{"line":156,"column":2},"end":{"line":247,"column":4}},"25":{"start":{"line":180,"column":14},"end":{"line":186,"column":21}},"26":{"start":{"line":181,"column":36},"end":{"line":181,"column":55}},"27":{"start":{"line":182,"column":36},"end":{"line":182,"column":55}},"28":{"start":{"line":190,"column":27},"end":{"line":190,"column":47}},"29":{"start":{"line":191,"column":32},"end":{"line":191,"column":55}},"30":{"start":{"line":192,"column":32},"end":{"line":192,"column":56}},"31":{"start":{"line":215,"column":33},"end":{"line":215,"column":53}},"32":{"start":{"line":220,"column":22},"end":{"line":220,"column":47}},"33":{"start":{"line":221,"column":22},"end":{"line":221,"column":48}},"34":{"start":{"line":235,"column":27},"end":{"line":235,"column":47}},"35":{"start":{"line":236,"column":32},"end":{"line":236,"column":56}},"36":{"start":{"line":237,"column":32},"end":{"line":237,"column":57}},"37":{"start":{"line":252,"column":40},"end":{"line":252,"column":55}},"38":{"start":{"line":254,"column":26},"end":{"line":257,"column":4}},"39":{"start":{"line":255,"column":22},"end":{"line":255,"column":50}},"40":{"start":{"line":256,"column":4},"end":{"line":256,"column":52}},"41":{"start":{"line":259,"column":22},"end":{"line":259,"column":31}},"42":{"start":{"line":260,"column":21},"end":{"line":260,"column":30}},"43":{"start":{"line":262,"column":2},"end":{"line":345,"column":4}},"44":{"start":{"line":268,"column":23},"end":{"line":268,"column":44}}},"fnMap":{"0":{"name":"(anonymous_0)","decl":{"start":{"line":23,"column":18},"end":{"line":23,"column":19}},"loc":{"start":{"line":23,"column":77},"end":{"line":141,"column":1}},"line":23},"1":{"name":"(anonymous_1)","decl":{"start":{"line":27,"column":15},"end":{"line":27,"column":16}},"loc":{"start":{"line":27,"column":40},"end":{"line":57,"column":3}},"line":27},"2":{"name":"(anonymous_2)","decl":{"start":{"line":58,"column":11},"end":{"line":58,"column":12}},"loc":{"start":{"line":58,"column":17},"end":{"line":58,"column":50}},"line":58},"3":{"name":"(anonymous_3)","decl":{"start":{"line":97,"column":27},"end":{"line":97,"column":28}},"loc":{"start":{"line":97,"column":33},"end":{"line":97,"column":40}},"line":97},"4":{"name":"(anonymous_4)","decl":{"start":{"line":147,"column":20},"end":{"line":147,"column":21}},"loc":{"start":{"line":147,"column":44},"end":{"line":248,"column":1}},"line":147},"5":{"name":"(anonymous_5)","decl":{"start":{"line":179,"column":49},"end":{"line":179,"column":50}},"loc":{"start":{"line":180,"column":14},"end":{"line":186,"column":21}},"line":180},"6":{"name":"(anonymous_6)","decl":{"start":{"line":181,"column":30},"end":{"line":181,"column":31}},"loc":{"start":{"line":181,"column":36},"end":{"line":181,"column":55}},"line":181},"7":{"name":"(anonymous_7)","decl":{"start":{"line":182,"column":30},"end":{"line":182,"column":31}},"loc":{"start":{"line":182,"column":36},"end":{"line":182,"column":55}},"line":182},"8":{"name":"(anonymous_8)","decl":{"start":{"line":190,"column":21},"end":{"line":190,"column":22}},"loc":{"start":{"line":190,"column":27},"end":{"line":190,"column":47}},"line":190},"9":{"name":"(anonymous_9)","decl":{"start":{"line":191,"column":26},"end":{"line":191,"column":27}},"loc":{"start":{"line":191,"column":32},"end":{"line":191,"column":55}},"line":191},"10":{"name":"(anonymous_10)","decl":{"start":{"line":192,"column":26},"end":{"line":192,"column":27}},"loc":{"start":{"line":192,"column":32},"end":{"line":192,"column":56}},"line":192},"11":{"name":"(anonymous_11)","decl":{"start":{"line":215,"column":27},"end":{"line":215,"column":28}},"loc":{"start":{"line":215,"column":33},"end":{"line":215,"column":53}},"line":215},"12":{"name":"(anonymous_12)","decl":{"start":{"line":220,"column":16},"end":{"line":220,"column":17}},"loc":{"start":{"line":220,"column":22},"end":{"line":220,"column":47}},"line":220},"13":{"name":"(anonymous_13)","decl":{"start":{"line":221,"column":16},"end":{"line":221,"column":17}},"loc":{"start":{"line":221,"column":22},"end":{"line":221,"column":48}},"line":221},"14":{"name":"(anonymous_14)","decl":{"start":{"line":235,"column":21},"end":{"line":235,"column":22}},"loc":{"start":{"line":235,"column":27},"end":{"line":235,"column":47}},"line":235},"15":{"name":"(anonymous_15)","decl":{"start":{"line":236,"column":26},"end":{"line":236,"column":27}},"loc":{"start":{"line":236,"column":32},"end":{"line":236,"column":56}},"line":236},"16":{"name":"(anonymous_16)","decl":{"start":{"line":237,"column":26},"end":{"line":237,"column":27}},"loc":{"start":{"line":237,"column":32},"end":{"line":237,"column":57}},"line":237},"17":{"name":"App","decl":{"start":{"line":251,"column":24},"end":{"line":251,"column":27}},"loc":{"start":{"line":251,"column":30},"end":{"line":346,"column":1}},"line":251},"18":{"name":"(anonymous_18)","decl":{"start":{"line":254,"column":35},"end":{"line":254,"column":36}},"loc":{"start":{"line":254,"column":41},"end":{"line":257,"column":3}},"line":254},"19":{"name":"(anonymous_19)","decl":{"start":{"line":268,"column":17},"end":{"line":268,"column":18}},"loc":{"start":{"line":268,"column":23},"end":{"line":268,"column":44}},"line":268}},"branchMap":{"0":{"loc":{"start":{"line":61,"column":2},"end":{"line":61,"column":27}},"type":"if","locations":[{"start":{"line":61,"column":2},"end":{"line":61,"column":27}},{"start":{},"end":{}}],"line":61},"1":{"loc":{"start":{"line":184,"column":32},"end":{"line":184,"column":78}},"type":"cond-expr","locations":[{"start":{"line":184,"column":54},"end":{"line":184,"column":65}},{"start":{"line":184,"column":68},"end":{"line":184,"column":78}}],"line":184},"2":{"loc":{"start":{"line":196,"column":33},"end":{"line":196,"column":90}},"type":"cond-expr","locations":[{"start":{"line":196,"column":50},"end":{"line":196,"column":61}},{"start":{"line":196,"column":64},"end":{"line":196,"column":90}}],"line":196},"3":{"loc":{"start":{"line":223,"column":18},"end":{"line":223,"column":61}},"type":"cond-expr","locations":[{"start":{"line":223,"column":37},"end":{"line":223,"column":48}},{"start":{"line":223,"column":51},"end":{"line":223,"column":61}}],"line":223},"4":{"loc":{"start":{"line":226,"column":61},"end":{"line":226,"column":105}},"type":"cond-expr","locations":[{"start":{"line":226,"column":80},"end":{"line":226,"column":91}},{"start":{"line":226,"column":94},"end":{"line":226,"column":105}}],"line":226},"5":{"loc":{"start":{"line":239,"column":28},"end":{"line":239,"column":69}},"type":"cond-expr","locations":[{"start":{"line":239,"column":46},"end":{"line":239,"column":57}},{"start":{"line":239,"column":60},"end":{"line":239,"column":69}}],"line":239},"6":{"loc":{"start":{"line":240,"column":78},"end":{"line":240,"column":121}},"type":"cond-expr","locations":[{"start":{"line":240,"column":96},"end":{"line":240,"column":107}},{"start":{"line":240,"column":110},"end":{"line":240,"column":121}}],"line":240},"7":{"loc":{"start":{"line":256,"column":11},"end":{"line":256,"column":51}},"type":"cond-expr","locations":[{"start":{"line":256,"column":23},"end":{"line":256,"column":44}},{"start":{"line":256,"column":47},"end":{"line":256,"column":51}}],"line":256}},"s":{"0":0,"1":0,"2":0,"3":0,"4":0,"5":0,"6":0,"7":0,"8":0,"9":0,"10":0,"11":0,"12":0,"13":0,"14":0,"15":0,"16":0,"17":0,"18":0,"19":0,"20":0,"21":0,"22":0,"23":0,"24":0,"25":0,"26":0,"27":0,"28":0,"29":0,"30":0,"31":0,"32":0,"33":0,"34":0,"35":0,"36":0,"37":0,"38":0,"39":0,"40":0,"41":0,"42":0,"43":0,"44":0},"f":{"0":0,"1":0,"2":0,"3":0,"4":0,"5":0,"6":0,"7":0,"8":0,"9":0,"10":0,"11":0,"12":0,"13":0,"14":0,"15":0,"16":0,"17":0,"18":0,"19":0},"b":{"0":[0,0],"1":[0,0],"2":[0,0],"3":[0,0],"4":[0,0],"5":[0,0],"6":[0,0],"7":[0,0]}}
,"C:\\Users\\HP\\Desktop\\Diplom_Project\\askyinde\\src\\index.js": {"path":"C:\\Users\\HP\\Desktop\\Diplom_Project\\askyinde\\src\\index.js","statementMap":{"0":{"start":{"line":7,"column":13},"end":{"line":7,"column":65}},"1":{"start":{"line":8,"column":0},"end":{"line":14,"column":2}}},"fnMap":{},"branchMap":{},"s":{"0":0,"1":0},"f":{},"b":{}}
,"C:\\Users\\HP\\Desktop\\Diplom_Project\\askyinde\\src\\reportWebVitals.js": {"path":"C:\\Users\\HP\\Desktop\\Diplom_Project\\askyinde\\src\\reportWebVitals.js","statementMap":{"0":{"start":{"line":1,"column":24},"end":{"line":11,"column":1}},"1":{"start":{"line":2,"column":2},"end":{"line":10,"column":3}},"2":{"start":{"line":3,"column":4},"end":{"line":9,"column":7}},"3":{"start":{"line":4,"column":6},"end":{"line":4,"column":26}},"4":{"start":{"line":5,"column":6},"end":{"line":5,"column":26}},"5":{"start":{"line":6,"column":6},"end":{"line":6,"column":26}},"6":{"start":{"line":7,"column":6},"end":{"line":7,"column":26}},"7":{"start":{"line":8,"column":6},"end":{"line":8,"column":27}}},"fnMap":{"0":{"name":"(anonymous_0)","decl":{"start":{"line":1,"column":24},"end":{"line":1,"column":25}},"loc":{"start":{"line":1,"column":39},"end":{"line":11,"column":1}},"line":1},"1":{"name":"(anonymous_1)","decl":{"start":{"line":3,"column":30},"end":{"line":3,"column":31}},"loc":{"start":{"line":3,"column":79},"end":{"line":9,"column":5}},"line":3}},"branchMap":{"0":{"loc":{"start":{"line":2,"column":2},"end":{"line":10,"column":3}},"type":"if","locations":[{"start":{"line":2,"column":2},"end":{"line":10,"column":3}},{"start":{},"end":{}}],"line":2},"1":{"loc":{"start":{"line":2,"column":6},"end":{"line":2,"column":52}},"type":"binary-expr","locations":[{"start":{"line":2,"column":6},"end":{"line":2,"column":17}},{"start":{"line":2,"column":21},"end":{"line":2,"column":52}}],"line":2}},"s":{"0":0,"1":0,"2":0,"3":0,"4":0,"5":0,"6":0,"7":0},"f":{"0":0,"1":0},"b":{"0":[0,0],"1":[0,0]}}
,"C:\\Users\\HP\\Desktop\\Diplom_Project\\askyinde\\src\\components\\AskyindeAIChat.jsx": {"path":"C:\\Users\\HP\\Desktop\\Diplom_Project\\askyinde\\src\\components\\AskyindeAIChat.jsx","statementMap":{"0":{"start":{"line":6,"column":23},"end":{"line":235,"column":1}},"1":{"start":{"line":7,"column":28},"end":{"line":7,"column":40}},"2":{"start":{"line":8,"column":34},"end":{"line":10,"column":4}},"3":{"start":{"line":12,"column":50},"end":{"line":12,"column":64}},"4":{"start":{"line":15,"column":34},"end":{"line":15,"column":46}},"5":{"start":{"line":17,"column":2},"end":{"line":19,"column":9}},"6":{"start":{"line":18,"column":4},"end":{"line":18,"column":20}},"7":{"start":{"line":21,"column":24},"end":{"line":29,"column":3}},"8":{"start":{"line":22,"column":28},"end":{"line":25,"column":48}},"9":{"start":{"line":27,"column":4},"end":{"line":27,"column":32}},"10":{"start":{"line":27,"column":14},"end":{"line":27,"column":32}},"11":{"start":{"line":28,"column":4},"end":{"line":28,"column":60}},"12":{"start":{"line":28,"column":15},"end":{"line":28,"column":60}},"13":{"start":{"line":31,"column":22},"end":{"line":50,"column":3}},"14":{"start":{"line":32,"column":4},"end":{"line":32,"column":35}},"15":{"start":{"line":33,"column":28},"end":{"line":37,"column":47}},"16":{"start":{"line":39,"column":4},"end":{"line":49,"column":5}},"17":{"start":{"line":40,"column":29},"end":{"line":47,"column":7}},"18":{"start":{"line":42,"column":28},"end":{"line":46,"column":9}},"19":{"start":{"line":48,"column":6},"end":{"line":48,"column":34}},"20":{"start":{"line":52,"column":23},"end":{"line":57,"column":3}},"21":{"start":{"line":53,"column":4},"end":{"line":53,"column":30}},"22":{"start":{"line":54,"column":4},"end":{"line":56,"column":7}},"23":{"start":{"line":62,"column":21},"end":{"line":131,"column":3}},"24":{"start":{"line":63,"column":4},"end":{"line":63,"column":56}},"25":{"start":{"line":64,"column":4},"end":{"line":64,"column":30}},"26":{"start":{"line":64,"column":23},"end":{"line":64,"column":30}},"27":{"start":{"line":66,"column":21},"end":{"line":66,"column":26}},"28":{"start":{"line":67,"column":24},"end":{"line":67,"column":71}},"29":{"start":{"line":68,"column":28},"end":{"line":68,"column":54}},"30":{"start":{"line":70,"column":4},"end":{"line":70,"column":33}},"31":{"start":{"line":71,"column":4},"end":{"line":71,"column":17}},"32":{"start":{"line":73,"column":4},"end":{"line":130,"column":5}},"33":{"start":{"line":75,"column":30},"end":{"line":82,"column":12}},"34":{"start":{"line":77,"column":25},"end":{"line":77,"column":35}},"35":{"start":{"line":78,"column":23},"end":{"line":81,"column":13}},"36":{"start":{"line":85,"column":30},"end":{"line":90,"column":8}},"37":{"start":{"line":92,"column":6},"end":{"line":92,"column":29}},"38":{"start":{"line":92,"column":17},"end":{"line":92,"column":29}},"39":{"start":{"line":94,"column":6},"end":{"line":96,"column":7}},"40":{"start":{"line":95,"column":8},"end":{"line":95,"column":89}},"41":{"start":{"line":95,"column":28},"end":{"line":95,"column":87}},"42":{"start":{"line":98,"column":22},"end":{"line":98,"column":38}},"43":{"start":{"line":100,"column":6},"end":{"line":116,"column":7}},"44":{"start":{"line":101,"column":56},"end":{"line":105,"column":19}},"45":{"start":{"line":107,"column":8},"end":{"line":115,"column":9}},"46":{"start":{"line":108,"column":10},"end":{"line":108,"column":66}},"47":{"start":{"line":109,"column":15},"end":{"line":115,"column":9}},"48":{"start":{"line":110,"column":10},"end":{"line":110,"column":36}},"49":{"start":{"line":111,"column":10},"end":{"line":111,"column":41}},"50":{"start":{"line":114,"column":10},"end":{"line":114,"column":26}},"51":{"start":{"line":118,"column":6},"end":{"line":125,"column":7}},"52":{"start":{"line":119,"column":34},"end":{"line":122,"column":10}},"53":{"start":{"line":124,"column":8},"end":{"line":124,"column":74}},"54":{"start":{"line":124,"column":20},"end":{"line":124,"column":74}},"55":{"start":{"line":128,"column":6},"end":{"line":128,"column":46}},"56":{"start":{"line":129,"column":6},"end":{"line":129,"column":101}},"57":{"start":{"line":129,"column":26},"end":{"line":129,"column":99}},"58":{"start":{"line":133,"column":2},"end":{"line":234,"column":4}},"59":{"start":{"line":162,"column":16},"end":{"line":172,"column":22}},"60":{"start":{"line":164,"column":33},"end":{"line":164,"column":56}},"61":{"start":{"line":189,"column":29},"end":{"line":189,"column":81}},"62":{"start":{"line":201,"column":12},"end":{"line":210,"column":18}},"63":{"start":{"line":219,"column":29},"end":{"line":219,"column":53}},"64":{"start":{"line":220,"column":31},"end":{"line":220,"column":64}}},"fnMap":{"0":{"name":"(anonymous_0)","decl":{"start":{"line":6,"column":23},"end":{"line":6,"column":24}},"loc":{"start":{"line":6,"column":67},"end":{"line":235,"column":1}},"line":6},"1":{"name":"(anonymous_1)","decl":{"start":{"line":17,"column":12},"end":{"line":17,"column":13}},"loc":{"start":{"line":17,"column":18},"end":{"line":19,"column":3}},"line":17},"2":{"name":"(anonymous_2)","decl":{"start":{"line":21,"column":24},"end":{"line":21,"column":25}},"loc":{"start":{"line":21,"column":36},"end":{"line":29,"column":3}},"line":21},"3":{"name":"(anonymous_3)","decl":{"start":{"line":31,"column":22},"end":{"line":31,"column":23}},"loc":{"start":{"line":31,"column":43},"end":{"line":50,"column":3}},"line":31},"4":{"name":"(anonymous_4)","decl":{"start":{"line":42,"column":20},"end":{"line":42,"column":21}},"loc":{"start":{"line":42,"column":28},"end":{"line":46,"column":9}},"line":42},"5":{"name":"(anonymous_5)","decl":{"start":{"line":52,"column":23},"end":{"line":52,"column":24}},"loc":{"start":{"line":52,"column":29},"end":{"line":57,"column":3}},"line":52},"6":{"name":"(anonymous_6)","decl":{"start":{"line":62,"column":21},"end":{"line":62,"column":22}},"loc":{"start":{"line":62,"column":33},"end":{"line":131,"column":3}},"line":62},"7":{"name":"(anonymous_7)","decl":{"start":{"line":77,"column":20},"end":{"line":77,"column":21}},"loc":{"start":{"line":77,"column":25},"end":{"line":77,"column":35}},"line":77},"8":{"name":"(anonymous_8)","decl":{"start":{"line":78,"column":17},"end":{"line":78,"column":18}},"loc":{"start":{"line":78,"column":23},"end":{"line":81,"column":13}},"line":78},"9":{"name":"(anonymous_9)","decl":{"start":{"line":95,"column":20},"end":{"line":95,"column":21}},"loc":{"start":{"line":95,"column":28},"end":{"line":95,"column":87}},"line":95},"10":{"name":"(anonymous_10)","decl":{"start":{"line":129,"column":18},"end":{"line":129,"column":19}},"loc":{"start":{"line":129,"column":26},"end":{"line":129,"column":99}},"line":129},"11":{"name":"(anonymous_11)","decl":{"start":{"line":161,"column":28},"end":{"line":161,"column":29}},"loc":{"start":{"line":162,"column":16},"end":{"line":172,"column":22}},"line":162},"12":{"name":"(anonymous_12)","decl":{"start":{"line":164,"column":27},"end":{"line":164,"column":28}},"loc":{"start":{"line":164,"column":33},"end":{"line":164,"column":56}},"line":164},"13":{"name":"(anonymous_13)","decl":{"start":{"line":189,"column":23},"end":{"line":189,"column":24}},"loc":{"start":{"line":189,"column":29},"end":{"line":189,"column":81}},"line":189},"14":{"name":"(anonymous_14)","decl":{"start":{"line":200,"column":24},"end":{"line":200,"column":25}},"loc":{"start":{"line":201,"column":12},"end":{"line":210,"column":18}},"line":201},"15":{"name":"(anonymous_15)","decl":{"start":{"line":219,"column":22},"end":{"line":219,"column":23}},"loc":{"start":{"line":219,"column":29},"end":{"line":219,"column":53}},"line":219},"16":{"name":"(anonymous_16)","decl":{"start":{"line":220,"column":24},"end":{"line":220,"column":25}},"loc":{"start":{"line":220,"column":31},"end":{"line":220,"column":64}},"line":220}},"branchMap":{"0":{"loc":{"start":{"line":27,"column":4},"end":{"line":27,"column":32}},"type":"if","locations":[{"start":{"line":27,"column":4},"end":{"line":27,"column":32}},{"start":{},"end":{}}],"line":27},"1":{"loc":{"start":{"line":28,"column":4},"end":{"line":28,"column":60}},"type":"if","locations":[{"start":{"line":28,"column":4},"end":{"line":28,"column":60}},{"start":{},"end":{}}],"line":28},"2":{"loc":{"start":{"line":39,"column":4},"end":{"line":49,"column":5}},"type":"if","locations":[{"start":{"line":39,"column":4},"end":{"line":49,"column":5}},{"start":{},"end":{}}],"line":39},"3":{"loc":{"start":{"line":64,"column":4},"end":{"line":64,"column":30}},"type":"if","locations":[{"start":{"line":64,"column":4},"end":{"line":64,"column":30}},{"start":{},"end":{}}],"line":64},"4":{"loc":{"start":{"line":75,"column":30},"end":{"line":82,"column":12}},"type":"cond-expr","locations":[{"start":{"line":76,"column":10},"end":{"line":81,"column":15}},{"start":{"line":82,"column":10},"end":{"line":82,"column":12}}],"line":75},"5":{"loc":{"start":{"line":79,"column":20},"end":{"line":79,"column":49}},"type":"cond-expr","locations":[{"start":{"line":79,"column":29},"end":{"line":79,"column":40}},{"start":{"line":79,"column":43},"end":{"line":79,"column":49}}],"line":79},"6":{"loc":{"start":{"line":92,"column":6},"end":{"line":92,"column":29}},"type":"if","locations":[{"start":{"line":92,"column":6},"end":{"line":92,"column":29}},{"start":{},"end":{}}],"line":92},"7":{"loc":{"start":{"line":94,"column":6},"end":{"line":96,"column":7}},"type":"if","locations":[{"start":{"line":94,"column":6},"end":{"line":96,"column":7}},{"start":{},"end":{}}],"line":94},"8":{"loc":{"start":{"line":94,"column":10},"end":{"line":94,"column":28}},"type":"binary-expr","locations":[{"start":{"line":94,"column":10},"end":{"line":94,"column":14}},{"start":{"line":94,"column":18},"end":{"line":94,"column":28}}],"line":94},"9":{"loc":{"start":{"line":100,"column":6},"end":{"line":116,"column":7}},"type":"if","locations":[{"start":{"line":100,"column":6},"end":{"line":116,"column":7}},{"start":{},"end":{}}],"line":100},"10":{"loc":{"start":{"line":103,"column":28},"end":{"line":103,"column":56}},"type":"binary-expr","locations":[{"start":{"line":103,"column":28},"end":{"line":103,"column":38}},{"start":{"line":103,"column":42},"end":{"line":103,"column":56}}],"line":103},"11":{"loc":{"start":{"line":107,"column":8},"end":{"line":115,"column":9}},"type":"if","locations":[{"start":{"line":107,"column":8},"end":{"line":115,"column":9}},{"start":{"line":109,"column":15},"end":{"line":115,"column":9}}],"line":107},"12":{"loc":{"start":{"line":109,"column":15},"end":{"line":115,"column":9}},"type":"if","locations":[{"start":{"line":109,"column":15},"end":{"line":115,"column":9}},{"start":{},"end":{}}],"line":109},"13":{"loc":{"start":{"line":118,"column":6},"end":{"line":125,"column":7}},"type":"if","locations":[{"start":{"line":118,"column":6},"end":{"line":125,"column":7}},{"start":{},"end":{}}],"line":118},"14":{"loc":{"start":{"line":118,"column":10},"end":{"line":118,"column":33}},"type":"binary-expr","locations":[{"start":{"line":118,"column":10},"end":{"line":118,"column":19}},{"start":{"line":118,"column":23},"end":{"line":118,"column":33}}],"line":118},"15":{"loc":{"start":{"line":124,"column":8},"end":{"line":124,"column":74}},"type":"if","locations":[{"start":{"line":124,"column":8},"end":{"line":124,"column":74}},{"start":{},"end":{}}],"line":124},"16":{"loc":{"start":{"line":136,"column":6},"end":{"line":136,"column":91}},"type":"cond-expr","locations":[{"start":{"line":136,"column":28},"end":{"line":136,"column":58}},{"start":{"line":136,"column":61},"end":{"line":136,"column":91}}],"line":136},"17":{"loc":{"start":{"line":140,"column":7},"end":{"line":177,"column":7}},"type":"binary-expr","locations":[{"start":{"line":140,"column":7},"end":{"line":140,"column":26}},{"start":{"line":141,"column":8},"end":{"line":176,"column":14}}],"line":140},"18":{"loc":{"start":{"line":166,"column":20},"end":{"line":168,"column":92}},"type":"cond-expr","locations":[{"start":{"line":167,"column":24},"end":{"line":167,"column":52}},{"start":{"line":168,"column":24},"end":{"line":168,"column":92}}],"line":166},"19":{"loc":{"start":{"line":189,"column":37},"end":{"line":189,"column":80}},"type":"cond-expr","locations":[{"start":{"line":189,"column":58},"end":{"line":189,"column":68}},{"start":{"line":189,"column":71},"end":{"line":189,"column":80}}],"line":189},"20":{"loc":{"start":{"line":192,"column":15},"end":{"line":192,"column":85}},"type":"cond-expr","locations":[{"start":{"line":192,"column":36},"end":{"line":192,"column":59}},{"start":{"line":192,"column":62},"end":{"line":192,"column":85}}],"line":192},"21":{"loc":{"start":{"line":201,"column":49},"end":{"line":201,"column":91}},"type":"cond-expr","locations":[{"start":{"line":201,"column":60},"end":{"line":201,"column":75}},{"start":{"line":201,"column":78},"end":{"line":201,"column":91}}],"line":201},"22":{"loc":{"start":{"line":204,"column":18},"end":{"line":204,"column":120}},"type":"cond-expr","locations":[{"start":{"line":204,"column":29},"end":{"line":204,"column":79}},{"start":{"line":204,"column":82},"end":{"line":204,"column":120}}],"line":204},"23":{"loc":{"start":{"line":206,"column":23},"end":{"line":206,"column":71}},"type":"cond-expr","locations":[{"start":{"line":206,"column":35},"end":{"line":206,"column":66}},{"start":{"line":206,"column":69},"end":{"line":206,"column":71}}],"line":206},"24":{"loc":{"start":{"line":220,"column":31},"end":{"line":220,"column":64}},"type":"binary-expr","locations":[{"start":{"line":220,"column":31},"end":{"line":220,"column":48}},{"start":{"line":220,"column":52},"end":{"line":220,"column":64}}],"line":220}},"s":{"0":0,"1":0,"2":0,"3":0,"4":0,"5":0,"6":0,"7":0,"8":0,"9":0,"10":0,"11":0,"12":0,"13":0,"14":0,"15":0,"16":0,"17":0,"18":0,"19":0,"20":0,"21":0,"22":0,"23":0,"24":0,"25":0,"26":0,"27":0,"28":0,"29":0,"30":0,"31":0,"32":0,"33":0,"34":0,"35":0,"36":0,"37":0,"38":0,"39":0,"40":0,"41":0,"42":0,"43":0,"44":0,"45":0,"46":0,"47":0,"48":0,"49":0,"50":0,"51":0,"52":0,"53":0,"54":0,"55":0,"56":0,"57":0,"58":0,"59":0,"60":0,"61":0,"62":0,"63":0,"64":0},"f":{"0":0,"1":0,"2":0,"3":0,"4":0,"5":0,"6":0,"7":0,"8":0,"9":0,"10":0,"11":0,"12":0,"13":0,"14":0,"15":0,"16":0},"b":{"0":[0,0],"1":[0,0],"2":[0,0],"3":[0,0],"4":[0,0],"5":[0,0],"6":[0,0],"7":[0,0],"8":[0,0],"9":[0,0],"10":[0,0],"11":[0,0],"12":[0,0],"13":[0,0],"14":[0,0],"15":[0,0],"16":[0,0],"17":[0,0],"18":[0,0],"19":[0,0],"20":[0,0],"21":[0,0],"22":[0,0],"23":[0,0],"24":[0,0]}}
,"C:\\Users\\HP\\Desktop\\Diplom_Project\\askyinde\\src\\components\\ExploreFlights.jsx": {"path":"C:\\Users\\HP\\Desktop\\Diplom_Project\\askyinde\\src\\components\\ExploreFlights.jsx","statementMap":{"0":{"start":{"line":6,"column":21},"end":{"line":37,"column":1}},"1":{"start":{"line":7,"column":30},"end":{"line":7,"column":45}},"2":{"start":{"line":9,"column":2},"end":{"line":36,"column":4}},"3":{"start":{"line":13,"column":23},"end":{"line":13,"column":41}},"4":{"start":{"line":39,"column":23},"end":{"line":360,"column":1}},"5":{"start":{"line":40,"column":38},"end":{"line":40,"column":52}},"6":{"start":{"line":41,"column":38},"end":{"line":41,"column":50}},"7":{"start":{"line":42,"column":42},"end":{"line":42,"column":57}},"8":{"start":{"line":44,"column":19},"end":{"line":44,"column":32}},"9":{"start":{"line":45,"column":19},"end":{"line":45,"column":32}},"10":{"start":{"line":47,"column":19},"end":{"line":51,"column":3}},"11":{"start":{"line":49,"column":57},"end":{"line":49,"column":101}},"12":{"start":{"line":53,"column":17},"end":{"line":53,"column":37}},"13":{"start":{"line":55,"column":26},"end":{"line":55,"column":68}},"14":{"start":{"line":57,"column":26},"end":{"line":59,"column":1}},"15":{"start":{"line":58,"column":2},"end":{"line":58,"column":44}},"16":{"start":{"line":58,"column":23},"end":{"line":58,"column":44}},"17":{"start":{"line":61,"column":17},"end":{"line":77,"column":3}},"18":{"start":{"line":79,"column":2},"end":{"line":359,"column":4}},"19":{"start":{"line":120,"column":14},"end":{"line":137,"column":21}},"20":{"start":{"line":124,"column":36},"end":{"line":124,"column":60}},"21":{"start":{"line":125,"column":36},"end":{"line":125,"column":55}},"22":{"start":{"line":192,"column":14},"end":{"line":215,"column":20}},"23":{"start":{"line":305,"column":35},"end":{"line":305,"column":64}},"24":{"start":{"line":309,"column":35},"end":{"line":309,"column":96}},"25":{"start":{"line":309,"column":53},"end":{"line":309,"column":75}},"26":{"start":{"line":309,"column":76},"end":{"line":309,"column":94}},"27":{"start":{"line":333,"column":92},"end":{"line":333,"column":114}},"28":{"start":{"line":348,"column":29},"end":{"line":348,"column":51}}},"fnMap":{"0":{"name":"(anonymous_0)","decl":{"start":{"line":6,"column":21},"end":{"line":6,"column":22}},"loc":{"start":{"line":6,"column":58},"end":{"line":37,"column":1}},"line":6},"1":{"name":"(anonymous_1)","decl":{"start":{"line":13,"column":17},"end":{"line":13,"column":18}},"loc":{"start":{"line":13,"column":23},"end":{"line":13,"column":41}},"line":13},"2":{"name":"(anonymous_2)","decl":{"start":{"line":39,"column":23},"end":{"line":39,"column":24}},"loc":{"start":{"line":39,"column":62},"end":{"line":360,"column":1}},"line":39},"3":{"name":"(anonymous_3)","decl":{"start":{"line":49,"column":51},"end":{"line":49,"column":52}},"loc":{"start":{"line":49,"column":57},"end":{"line":49,"column":101}},"line":49},"4":{"name":"(anonymous_4)","decl":{"start":{"line":57,"column":26},"end":{"line":57,"column":27}},"loc":{"start":{"line":57,"column":32},"end":{"line":59,"column":1}},"line":57},"5":{"name":"(anonymous_5)","decl":{"start":{"line":119,"column":26},"end":{"line":119,"column":27}},"loc":{"start":{"line":120,"column":14},"end":{"line":137,"column":21}},"line":120},"6":{"name":"(anonymous_6)","decl":{"start":{"line":124,"column":30},"end":{"line":124,"column":31}},"loc":{"start":{"line":124,"column":36},"end":{"line":124,"column":60}},"line":124},"7":{"name":"(anonymous_7)","decl":{"start":{"line":125,"column":30},"end":{"line":125,"column":31}},"loc":{"start":{"line":125,"column":36},"end":{"line":125,"column":55}},"line":125},"8":{"name":"(anonymous_8)","decl":{"start":{"line":191,"column":24},"end":{"line":191,"column":25}},"loc":{"start":{"line":192,"column":14},"end":{"line":215,"column":20}},"line":192},"9":{"name":"(anonymous_9)","decl":{"start":{"line":305,"column":28},"end":{"line":305,"column":29}},"loc":{"start":{"line":305,"column":35},"end":{"line":305,"column":64}},"line":305},"10":{"name":"(anonymous_10)","decl":{"start":{"line":309,"column":27},"end":{"line":309,"column":28}},"loc":{"start":{"line":309,"column":33},"end":{"line":309,"column":98}},"line":309},"11":{"name":"(anonymous_11)","decl":{"start":{"line":333,"column":86},"end":{"line":333,"column":87}},"loc":{"start":{"line":333,"column":92},"end":{"line":333,"column":114}},"line":333},"12":{"name":"(anonymous_12)","decl":{"start":{"line":348,"column":23},"end":{"line":348,"column":24}},"loc":{"start":{"line":348,"column":29},"end":{"line":348,"column":51}},"line":348}},"branchMap":{"0":{"loc":{"start":{"line":19,"column":58},"end":{"line":19,"column":92}},"type":"cond-expr","locations":[{"start":{"line":19,"column":67},"end":{"line":19,"column":79}},{"start":{"line":19,"column":82},"end":{"line":19,"column":92}}],"line":19},"1":{"loc":{"start":{"line":27,"column":69},"end":{"line":27,"column":122}},"type":"cond-expr","locations":[{"start":{"line":27,"column":78},"end":{"line":27,"column":100}},{"start":{"line":27,"column":103},"end":{"line":27,"column":122}}],"line":27},"2":{"loc":{"start":{"line":55,"column":26},"end":{"line":55,"column":68}},"type":"binary-expr","locations":[{"start":{"line":55,"column":26},"end":{"line":55,"column":32}},{"start":{"line":55,"column":36},"end":{"line":55,"column":68}}],"line":55},"3":{"loc":{"start":{"line":58,"column":2},"end":{"line":58,"column":44}},"type":"if","locations":[{"start":{"line":58,"column":2},"end":{"line":58,"column":44}},{"start":{},"end":{}}],"line":58},"4":{"loc":{"start":{"line":98,"column":12},"end":{"line":98,"column":65}},"type":"cond-expr","locations":[{"start":{"line":98,"column":30},"end":{"line":98,"column":46}},{"start":{"line":98,"column":49},"end":{"line":98,"column":65}}],"line":98},"5":{"loc":{"start":{"line":127,"column":32},"end":{"line":127,"column":83}},"type":"cond-expr","locations":[{"start":{"line":127,"column":59},"end":{"line":127,"column":70}},{"start":{"line":127,"column":73},"end":{"line":127,"column":83}}],"line":127},"6":{"loc":{"start":{"line":133,"column":31},"end":{"line":133,"column":83}},"type":"cond-expr","locations":[{"start":{"line":133,"column":58},"end":{"line":133,"column":69}},{"start":{"line":133,"column":72},"end":{"line":133,"column":83}}],"line":133},"7":{"loc":{"start":{"line":145,"column":13},"end":{"line":154,"column":13}},"type":"cond-expr","locations":[{"start":{"line":146,"column":14},"end":{"line":148,"column":21}},{"start":{"line":150,"column":14},"end":{"line":153,"column":20}}],"line":145},"8":{"loc":{"start":{"line":309,"column":35},"end":{"line":309,"column":96}},"type":"if","locations":[{"start":{"line":309,"column":35},"end":{"line":309,"column":96}},{"start":{},"end":{}}],"line":309},"9":{"loc":{"start":{"line":331,"column":7},"end":{"line":356,"column":7}},"type":"binary-expr","locations":[{"start":{"line":331,"column":7},"end":{"line":331,"column":19}},{"start":{"line":332,"column":8},"end":{"line":355,"column":14}}],"line":331}},"s":{"0":0,"1":0,"2":0,"3":0,"4":0,"5":0,"6":0,"7":0,"8":0,"9":0,"10":0,"11":0,"12":0,"13":0,"14":0,"15":0,"16":0,"17":0,"18":0,"19":0,"20":0,"21":0,"22":0,"23":0,"24":0,"25":0,"26":0,"27":0,"28":0},"f":{"0":0,"1":0,"2":0,"3":0,"4":0,"5":0,"6":0,"7":0,"8":0,"9":0,"10":0,"11":0,"12":0},"b":{"0":[0,0],"1":[0,0],"2":[0,0],"3":[0,0],"4":[0,0],"5":[0,0],"6":[0,0],"7":[0,0],"8":[0,0],"9":[0,0]}}
,"C:\\Users\\HP\\Desktop\\Diplom_Project\\askyinde\\src\\components\\ExploreFlights1.jsx": {"path":"C:\\Users\\HP\\Desktop\\Diplom_Project\\askyinde\\src\\components\\ExploreFlights1.jsx","statementMap":{"0":{"start":{"line":5,"column":21},"end":{"line":36,"column":1}},"1":{"start":{"line":6,"column":30},"end":{"line":6,"column":45}},"2":{"start":{"line":8,"column":2},"end":{"line":35,"column":4}},"3":{"start":{"line":12,"column":23},"end":{"line":12,"column":41}},"4":{"start":{"line":38,"column":24},"end":{"line":221,"column":7}},"5":{"start":{"line":39,"column":38},"end":{"line":39,"column":50}},"6":{"start":{"line":40,"column":42},"end":{"line":40,"column":57}},"7":{"start":{"line":42,"column":17},"end":{"line":58,"column":3}},"8":{"start":{"line":60,"column":2},"end":{"line":220,"column":10}},"9":{"start":{"line":141,"column":14},"end":{"line":164,"column":20}}},"fnMap":{"0":{"name":"(anonymous_0)","decl":{"start":{"line":5,"column":21},"end":{"line":5,"column":22}},"loc":{"start":{"line":5,"column":58},"end":{"line":36,"column":1}},"line":5},"1":{"name":"(anonymous_1)","decl":{"start":{"line":12,"column":17},"end":{"line":12,"column":18}},"loc":{"start":{"line":12,"column":23},"end":{"line":12,"column":41}},"line":12},"2":{"name":"(anonymous_2)","decl":{"start":{"line":38,"column":24},"end":{"line":38,"column":25}},"loc":{"start":{"line":38,"column":63},"end":{"line":221,"column":7}},"line":38},"3":{"name":"(anonymous_3)","decl":{"start":{"line":140,"column":24},"end":{"line":140,"column":25}},"loc":{"start":{"line":141,"column":14},"end":{"line":164,"column":20}},"line":141}},"branchMap":{"0":{"loc":{"start":{"line":18,"column":58},"end":{"line":18,"column":92}},"type":"cond-expr","locations":[{"start":{"line":18,"column":67},"end":{"line":18,"column":79}},{"start":{"line":18,"column":82},"end":{"line":18,"column":92}}],"line":18},"1":{"loc":{"start":{"line":26,"column":69},"end":{"line":26,"column":122}},"type":"cond-expr","locations":[{"start":{"line":26,"column":78},"end":{"line":26,"column":100}},{"start":{"line":26,"column":103},"end":{"line":26,"column":122}}],"line":26}},"s":{"0":0,"1":0,"2":0,"3":0,"4":0,"5":0,"6":0,"7":0,"8":0,"9":0},"f":{"0":0,"1":0,"2":0,"3":0},"b":{"0":[0,0],"1":[0,0]}}
,"C:\\Users\\HP\\Desktop\\Diplom_Project\\askyinde\\src\\components\\HelpPage.jsx": {"path":"C:\\Users\\HP\\Desktop\\Diplom_Project\\askyinde\\src\\components\\HelpPage.jsx","statementMap":{"0":{"start":{"line":4,"column":17},"end":{"line":197,"column":1}},"1":{"start":{"line":5,"column":38},"end":{"line":5,"column":52}},"2":{"start":{"line":7,"column":19},"end":{"line":7,"column":32}},"3":{"start":{"line":8,"column":19},"end":{"line":8,"column":32}},"4":{"start":{"line":11,"column":26},"end":{"line":11,"column":66}},"5":{"start":{"line":13,"column":26},"end":{"line":17,"column":3}},"6":{"start":{"line":14,"column":4},"end":{"line":16,"column":5}},"7":{"start":{"line":15,"column":6},"end":{"line":15,"column":27}},"8":{"start":{"line":20,"column":22},"end":{"line":41,"column":3}},"9":{"start":{"line":43,"column":2},"end":{"line":196,"column":4}},"10":{"start":{"line":75,"column":32},"end":{"line":75,"column":56}},"11":{"start":{"line":76,"column":32},"end":{"line":76,"column":51}},"12":{"start":{"line":142,"column":14},"end":{"line":163,"column":20}}},"fnMap":{"0":{"name":"(anonymous_0)","decl":{"start":{"line":4,"column":17},"end":{"line":4,"column":18}},"loc":{"start":{"line":4,"column":56},"end":{"line":197,"column":1}},"line":4},"1":{"name":"(anonymous_1)","decl":{"start":{"line":13,"column":26},"end":{"line":13,"column":27}},"loc":{"start":{"line":13,"column":32},"end":{"line":17,"column":3}},"line":13},"2":{"name":"(anonymous_2)","decl":{"start":{"line":75,"column":26},"end":{"line":75,"column":27}},"loc":{"start":{"line":75,"column":32},"end":{"line":75,"column":56}},"line":75},"3":{"name":"(anonymous_3)","decl":{"start":{"line":76,"column":26},"end":{"line":76,"column":27}},"loc":{"start":{"line":76,"column":32},"end":{"line":76,"column":51}},"line":76},"4":{"name":"(anonymous_4)","decl":{"start":{"line":141,"column":29},"end":{"line":141,"column":30}},"loc":{"start":{"line":142,"column":14},"end":{"line":163,"column":20}},"line":142}},"branchMap":{"0":{"loc":{"start":{"line":11,"column":26},"end":{"line":11,"column":66}},"type":"binary-expr","locations":[{"start":{"line":11,"column":26},"end":{"line":11,"column":30}},{"start":{"line":11,"column":34},"end":{"line":11,"column":66}}],"line":11},"1":{"loc":{"start":{"line":14,"column":4},"end":{"line":16,"column":5}},"type":"if","locations":[{"start":{"line":14,"column":4},"end":{"line":16,"column":5}},{"start":{},"end":{}}],"line":14},"2":{"loc":{"start":{"line":58,"column":4},"end":{"line":58,"column":57}},"type":"cond-expr","locations":[{"start":{"line":58,"column":22},"end":{"line":58,"column":38}},{"start":{"line":58,"column":41},"end":{"line":58,"column":57}}],"line":58},"3":{"loc":{"start":{"line":78,"column":28},"end":{"line":78,"column":79}},"type":"cond-expr","locations":[{"start":{"line":78,"column":55},"end":{"line":78,"column":66}},{"start":{"line":78,"column":69},"end":{"line":78,"column":79}}],"line":78},"4":{"loc":{"start":{"line":81,"column":71},"end":{"line":81,"column":123}},"type":"cond-expr","locations":[{"start":{"line":81,"column":98},"end":{"line":81,"column":109}},{"start":{"line":81,"column":112},"end":{"line":81,"column":123}}],"line":81},"5":{"loc":{"start":{"line":84,"column":13},"end":{"line":91,"column":13}},"type":"cond-expr","locations":[{"start":{"line":85,"column":14},"end":{"line":85,"column":113}},{"start":{"line":87,"column":14},"end":{"line":90,"column":20}}],"line":84}},"s":{"0":0,"1":0,"2":0,"3":0,"4":0,"5":0,"6":0,"7":0,"8":0,"9":0,"10":0,"11":0,"12":0},"f":{"0":0,"1":0,"2":0,"3":0,"4":0},"b":{"0":[0,0],"1":[0,0],"2":[0,0],"3":[0,0],"4":[0,0],"5":[0,0]}}
,"C:\\Users\\HP\\Desktop\\Diplom_Project\\askyinde\\src\\components\\LegalLawPage.jsx": {"path":"C:\\Users\\HP\\Desktop\\Diplom_Project\\askyinde\\src\\components\\LegalLawPage.jsx","statementMap":{"0":{"start":{"line":5,"column":21},"end":{"line":752,"column":1}},"1":{"start":{"line":6,"column":19},"end":{"line":6,"column":32}},"2":{"start":{"line":7,"column":19},"end":{"line":7,"column":32}},"3":{"start":{"line":10,"column":26},"end":{"line":10,"column":66}},"4":{"start":{"line":12,"column":26},"end":{"line":16,"column":3}},"5":{"start":{"line":13,"column":4},"end":{"line":15,"column":5}},"6":{"start":{"line":14,"column":6},"end":{"line":14,"column":27}},"7":{"start":{"line":18,"column":36},"end":{"line":18,"column":53}},"8":{"start":{"line":20,"column":34},"end":{"line":20,"column":48}},"9":{"start":{"line":22,"column":25},"end":{"line":22,"column":151}},"10":{"start":{"line":24,"column":2},"end":{"line":29,"column":17}},"11":{"start":{"line":25,"column":19},"end":{"line":25,"column":55}},"12":{"start":{"line":26,"column":16},"end":{"line":26,"column":33}},"13":{"start":{"line":27,"column":4},"end":{"line":27,"column":51}},"14":{"start":{"line":27,"column":27},"end":{"line":27,"column":51}},"15":{"start":{"line":28,"column":4},"end":{"line":28,"column":47}},"16":{"start":{"line":28,"column":25},"end":{"line":28,"column":47}},"17":{"start":{"line":31,"column":2},"end":{"line":751,"column":4}},"18":{"start":{"line":97,"column":6},"end":{"line":97,"column":28}},"19":{"start":{"line":98,"column":6},"end":{"line":98,"column":35}},"20":{"start":{"line":111,"column":6},"end":{"line":111,"column":30}},"21":{"start":{"line":112,"column":6},"end":{"line":112,"column":37}},"22":{"start":{"line":139,"column":23},"end":{"line":139,"column":40}},"23":{"start":{"line":145,"column":23},"end":{"line":145,"column":40}}},"fnMap":{"0":{"name":"(anonymous_0)","decl":{"start":{"line":5,"column":21},"end":{"line":5,"column":22}},"loc":{"start":{"line":5,"column":60},"end":{"line":752,"column":1}},"line":5},"1":{"name":"(anonymous_1)","decl":{"start":{"line":12,"column":26},"end":{"line":12,"column":27}},"loc":{"start":{"line":12,"column":32},"end":{"line":16,"column":3}},"line":12},"2":{"name":"(anonymous_2)","decl":{"start":{"line":24,"column":12},"end":{"line":24,"column":13}},"loc":{"start":{"line":24,"column":18},"end":{"line":29,"column":3}},"line":24},"3":{"name":"(anonymous_3)","decl":{"start":{"line":96,"column":13},"end":{"line":96,"column":14}},"loc":{"start":{"line":96,"column":19},"end":{"line":99,"column":5}},"line":96},"4":{"name":"(anonymous_4)","decl":{"start":{"line":110,"column":13},"end":{"line":110,"column":14}},"loc":{"start":{"line":110,"column":19},"end":{"line":113,"column":5}},"line":110},"5":{"name":"(anonymous_5)","decl":{"start":{"line":139,"column":17},"end":{"line":139,"column":18}},"loc":{"start":{"line":139,"column":23},"end":{"line":139,"column":40}},"line":139},"6":{"name":"(anonymous_6)","decl":{"start":{"line":145,"column":17},"end":{"line":145,"column":18}},"loc":{"start":{"line":145,"column":23},"end":{"line":145,"column":40}},"line":145}},"branchMap":{"0":{"loc":{"start":{"line":10,"column":26},"end":{"line":10,"column":66}},"type":"binary-expr","locations":[{"start":{"line":10,"column":26},"end":{"line":10,"column":30}},{"start":{"line":10,"column":34},"end":{"line":10,"column":66}}],"line":10},"1":{"loc":{"start":{"line":13,"column":4},"end":{"line":15,"column":5}},"type":"if","locations":[{"start":{"line":13,"column":4},"end":{"line":15,"column":5}},{"start":{},"end":{}}],"line":13},"2":{"loc":{"start":{"line":27,"column":4},"end":{"line":27,"column":51}},"type":"if","locations":[{"start":{"line":27,"column":4},"end":{"line":27,"column":51}},{"start":{},"end":{}}],"line":27},"3":{"loc":{"start":{"line":28,"column":4},"end":{"line":28,"column":47}},"type":"if","locations":[{"start":{"line":28,"column":4},"end":{"line":28,"column":47}},{"start":{},"end":{}}],"line":28},"4":{"loc":{"start":{"line":45,"column":66},"end":{"line":45,"column":119}},"type":"cond-expr","locations":[{"start":{"line":45,"column":84},"end":{"line":45,"column":100}},{"start":{"line":45,"column":103},"end":{"line":45,"column":119}}],"line":45},"5":{"loc":{"start":{"line":62,"column":11},"end":{"line":71,"column":11}},"type":"cond-expr","locations":[{"start":{"line":63,"column":12},"end":{"line":68,"column":15}},{"start":{"line":70,"column":12},"end":{"line":70,"column":183}}],"line":62},"6":{"loc":{"start":{"line":89,"column":17},"end":{"line":89,"column":77}},"type":"cond-expr","locations":[{"start":{"line":89,"column":41},"end":{"line":89,"column":56}},{"start":{"line":89,"column":59},"end":{"line":89,"column":77}}],"line":89},"7":{"loc":{"start":{"line":91,"column":18},"end":{"line":91,"column":55}},"type":"cond-expr","locations":[{"start":{"line":91,"column":44},"end":{"line":91,"column":49}},{"start":{"line":91,"column":52},"end":{"line":91,"column":55}}],"line":91},"8":{"loc":{"start":{"line":103,"column":15},"end":{"line":103,"column":46}},"type":"cond-expr","locations":[{"start":{"line":103,"column":39},"end":{"line":103,"column":40}},{"start":{"line":103,"column":43},"end":{"line":103,"column":46}}],"line":103},"9":{"loc":{"start":{"line":117,"column":15},"end":{"line":117,"column":48}},"type":"cond-expr","locations":[{"start":{"line":117,"column":41},"end":{"line":117,"column":42}},{"start":{"line":117,"column":45},"end":{"line":117,"column":48}}],"line":117},"10":{"loc":{"start":{"line":135,"column":21},"end":{"line":135,"column":77}},"type":"cond-expr","locations":[{"start":{"line":135,"column":41},"end":{"line":135,"column":56}},{"start":{"line":135,"column":59},"end":{"line":135,"column":77}}],"line":135},"11":{"loc":{"start":{"line":140,"column":118},"end":{"line":140,"column":169}},"type":"cond-expr","locations":[{"start":{"line":140,"column":138},"end":{"line":140,"column":154}},{"start":{"line":140,"column":157},"end":{"line":140,"column":169}}],"line":140},"12":{"loc":{"start":{"line":146,"column":118},"end":{"line":146,"column":169}},"type":"cond-expr","locations":[{"start":{"line":146,"column":138},"end":{"line":146,"column":154}},{"start":{"line":146,"column":157},"end":{"line":146,"column":169}}],"line":146},"13":{"loc":{"start":{"line":155,"column":5},"end":{"line":739,"column":5}},"type":"cond-expr","locations":[{"start":{"line":157,"column":6},"end":{"line":385,"column":12}},{"start":{"line":389,"column":0},"end":{"line":738,"column":6}}],"line":155},"14":{"loc":{"start":{"line":158,"column":52},"end":{"line":158,"column":128}},"type":"cond-expr","locations":[{"start":{"line":158,"column":72},"end":{"line":158,"column":98}},{"start":{"line":158,"column":101},"end":{"line":158,"column":128}}],"line":158},"15":{"loc":{"start":{"line":165,"column":16},"end":{"line":165,"column":45}},"type":"cond-expr","locations":[{"start":{"line":165,"column":36},"end":{"line":165,"column":39}},{"start":{"line":165,"column":42},"end":{"line":165,"column":45}}],"line":165},"16":{"loc":{"start":{"line":168,"column":3},"end":{"line":168,"column":64}},"type":"cond-expr","locations":[{"start":{"line":168,"column":23},"end":{"line":168,"column":41}},{"start":{"line":168,"column":44},"end":{"line":168,"column":64}}],"line":168},"17":{"loc":{"start":{"line":172,"column":54},"end":{"line":172,"column":109}},"type":"cond-expr","locations":[{"start":{"line":172,"column":74},"end":{"line":172,"column":90}},{"start":{"line":172,"column":93},"end":{"line":172,"column":109}}],"line":172},"18":{"loc":{"start":{"line":174,"column":13},"end":{"line":176,"column":460}},"type":"cond-expr","locations":[{"start":{"line":175,"column":16},"end":{"line":175,"column":474}},{"start":{"line":176,"column":16},"end":{"line":176,"column":460}}],"line":174},"19":{"loc":{"start":{"line":182,"column":5},"end":{"line":182,"column":68}},"type":"cond-expr","locations":[{"start":{"line":182,"column":25},"end":{"line":182,"column":44}},{"start":{"line":182,"column":47},"end":{"line":182,"column":68}}],"line":182},"20":{"loc":{"start":{"line":185,"column":5},"end":{"line":195,"column":11}},"type":"cond-expr","locations":[{"start":{"line":186,"column":8},"end":{"line":190,"column":11}},{"start":{"line":191,"column":8},"end":{"line":195,"column":11}}],"line":185},"21":{"loc":{"start":{"line":202,"column":5},"end":{"line":202,"column":66}},"type":"cond-expr","locations":[{"start":{"line":202,"column":25},"end":{"line":202,"column":47}},{"start":{"line":202,"column":50},"end":{"line":202,"column":66}}],"line":202},"22":{"loc":{"start":{"line":205,"column":5},"end":{"line":215,"column":11}},"type":"cond-expr","locations":[{"start":{"line":206,"column":8},"end":{"line":210,"column":11}},{"start":{"line":211,"column":8},"end":{"line":215,"column":11}}],"line":205},"23":{"loc":{"start":{"line":222,"column":5},"end":{"line":222,"column":103}},"type":"cond-expr","locations":[{"start":{"line":222,"column":25},"end":{"line":222,"column":59}},{"start":{"line":222,"column":62},"end":{"line":222,"column":103}}],"line":222},"24":{"loc":{"start":{"line":225,"column":5},"end":{"line":235,"column":11}},"type":"cond-expr","locations":[{"start":{"line":226,"column":8},"end":{"line":230,"column":11}},{"start":{"line":231,"column":8},"end":{"line":235,"column":11}}],"line":225},"25":{"loc":{"start":{"line":242,"column":5},"end":{"line":242,"column":79}},"type":"cond-expr","locations":[{"start":{"line":242,"column":25},"end":{"line":242,"column":49}},{"start":{"line":242,"column":52},"end":{"line":242,"column":79}}],"line":242},"26":{"loc":{"start":{"line":245,"column":5},"end":{"line":255,"column":11}},"type":"cond-expr","locations":[{"start":{"line":246,"column":8},"end":{"line":250,"column":11}},{"start":{"line":251,"column":8},"end":{"line":255,"column":11}}],"line":245},"27":{"loc":{"start":{"line":261,"column":5},"end":{"line":261,"column":86}},"type":"cond-expr","locations":[{"start":{"line":261,"column":25},"end":{"line":261,"column":49}},{"start":{"line":261,"column":52},"end":{"line":261,"column":86}}],"line":261},"28":{"loc":{"start":{"line":264,"column":5},"end":{"line":266,"column":404}},"type":"cond-expr","locations":[{"start":{"line":265,"column":8},"end":{"line":265,"column":363}},{"start":{"line":266,"column":8},"end":{"line":266,"column":404}}],"line":264},"29":{"loc":{"start":{"line":269,"column":5},"end":{"line":269,"column":88}},"type":"cond-expr","locations":[{"start":{"line":269,"column":25},"end":{"line":269,"column":57}},{"start":{"line":269,"column":60},"end":{"line":269,"column":88}}],"line":269},"30":{"loc":{"start":{"line":272,"column":5},"end":{"line":286,"column":5}},"type":"cond-expr","locations":[{"start":{"line":273,"column":6},"end":{"line":278,"column":9}},{"start":{"line":280,"column":6},"end":{"line":285,"column":9}}],"line":272},"31":{"loc":{"start":{"line":289,"column":5},"end":{"line":291,"column":257}},"type":"cond-expr","locations":[{"start":{"line":290,"column":8},"end":{"line":290,"column":225}},{"start":{"line":291,"column":8},"end":{"line":291,"column":257}}],"line":289},"32":{"loc":{"start":{"line":297,"column":5},"end":{"line":297,"column":86}},"type":"cond-expr","locations":[{"start":{"line":297,"column":25},"end":{"line":297,"column":53}},{"start":{"line":297,"column":56},"end":{"line":297,"column":86}}],"line":297},"33":{"loc":{"start":{"line":300,"column":5},"end":{"line":310,"column":11}},"type":"cond-expr","locations":[{"start":{"line":301,"column":8},"end":{"line":305,"column":11}},{"start":{"line":306,"column":8},"end":{"line":310,"column":11}}],"line":300},"34":{"loc":{"start":{"line":314,"column":5},"end":{"line":314,"column":74}},"type":"cond-expr","locations":[{"start":{"line":314,"column":25},"end":{"line":314,"column":51}},{"start":{"line":314,"column":54},"end":{"line":314,"column":74}}],"line":314},"35":{"loc":{"start":{"line":317,"column":5},"end":{"line":331,"column":5}},"type":"cond-expr","locations":[{"start":{"line":318,"column":6},"end":{"line":323,"column":9}},{"start":{"line":325,"column":6},"end":{"line":330,"column":9}}],"line":317},"36":{"loc":{"start":{"line":336,"column":54},"end":{"line":336,"column":109}},"type":"cond-expr","locations":[{"start":{"line":336,"column":74},"end":{"line":336,"column":90}},{"start":{"line":336,"column":93},"end":{"line":336,"column":109}}],"line":336},"37":{"loc":{"start":{"line":338,"column":13},"end":{"line":340,"column":285}},"type":"cond-expr","locations":[{"start":{"line":339,"column":16},"end":{"line":339,"column":277}},{"start":{"line":340,"column":16},"end":{"line":340,"column":285}}],"line":338},"38":{"loc":{"start":{"line":345,"column":54},"end":{"line":345,"column":131}},"type":"cond-expr","locations":[{"start":{"line":345,"column":74},"end":{"line":345,"column":98}},{"start":{"line":345,"column":101},"end":{"line":345,"column":131}}],"line":345},"39":{"loc":{"start":{"line":346,"column":31},"end":{"line":346,"column":241}},"type":"cond-expr","locations":[{"start":{"line":346,"column":51},"end":{"line":346,"column":124}},{"start":{"line":346,"column":127},"end":{"line":346,"column":241}}],"line":346},"40":{"loc":{"start":{"line":348,"column":13},"end":{"line":364,"column":13}},"type":"cond-expr","locations":[{"start":{"line":349,"column":14},"end":{"line":355,"column":17}},{"start":{"line":357,"column":14},"end":{"line":363,"column":17}}],"line":348},"41":{"loc":{"start":{"line":369,"column":54},"end":{"line":369,"column":125}},"type":"cond-expr","locations":[{"start":{"line":369,"column":74},"end":{"line":369,"column":100}},{"start":{"line":369,"column":103},"end":{"line":369,"column":125}}],"line":369},"42":{"loc":{"start":{"line":371,"column":13},"end":{"line":373,"column":175}},"type":"cond-expr","locations":[{"start":{"line":372,"column":16},"end":{"line":372,"column":172}},{"start":{"line":373,"column":16},"end":{"line":373,"column":175}}],"line":371},"43":{"loc":{"start":{"line":378,"column":54},"end":{"line":378,"column":134}},"type":"cond-expr","locations":[{"start":{"line":378,"column":74},"end":{"line":378,"column":103}},{"start":{"line":378,"column":106},"end":{"line":378,"column":134}}],"line":378},"44":{"loc":{"start":{"line":380,"column":13},"end":{"line":382,"column":276}},"type":"cond-expr","locations":[{"start":{"line":381,"column":16},"end":{"line":381,"column":277}},{"start":{"line":382,"column":16},"end":{"line":382,"column":276}}],"line":380},"45":{"loc":{"start":{"line":392,"column":5},"end":{"line":392,"column":76}},"type":"cond-expr","locations":[{"start":{"line":392,"column":25},"end":{"line":392,"column":48}},{"start":{"line":392,"column":51},"end":{"line":392,"column":76}}],"line":392},"46":{"loc":{"start":{"line":401,"column":16},"end":{"line":401,"column":45}},"type":"cond-expr","locations":[{"start":{"line":401,"column":36},"end":{"line":401,"column":39}},{"start":{"line":401,"column":42},"end":{"line":401,"column":45}}],"line":401},"47":{"loc":{"start":{"line":404,"column":3},"end":{"line":404,"column":62}},"type":"cond-expr","locations":[{"start":{"line":404,"column":23},"end":{"line":404,"column":39}},{"start":{"line":404,"column":42},"end":{"line":404,"column":62}}],"line":404},"48":{"loc":{"start":{"line":410,"column":7},"end":{"line":410,"column":74}},"type":"cond-expr","locations":[{"start":{"line":410,"column":27},"end":{"line":410,"column":49}},{"start":{"line":410,"column":52},"end":{"line":410,"column":74}}],"line":410},"49":{"loc":{"start":{"line":413,"column":7},"end":{"line":415,"column":238}},"type":"cond-expr","locations":[{"start":{"line":414,"column":10},"end":{"line":414,"column":202}},{"start":{"line":415,"column":10},"end":{"line":415,"column":238}}],"line":413},"50":{"loc":{"start":{"line":421,"column":7},"end":{"line":421,"column":70}},"type":"cond-expr","locations":[{"start":{"line":421,"column":27},"end":{"line":421,"column":46}},{"start":{"line":421,"column":49},"end":{"line":421,"column":70}}],"line":421},"51":{"loc":{"start":{"line":424,"column":5},"end":{"line":434,"column":11}},"type":"cond-expr","locations":[{"start":{"line":425,"column":8},"end":{"line":429,"column":11}},{"start":{"line":430,"column":8},"end":{"line":434,"column":11}}],"line":424},"52":{"loc":{"start":{"line":442,"column":7},"end":{"line":442,"column":71}},"type":"cond-expr","locations":[{"start":{"line":442,"column":27},"end":{"line":442,"column":47}},{"start":{"line":442,"column":50},"end":{"line":442,"column":71}}],"line":442},"53":{"loc":{"start":{"line":445,"column":7},"end":{"line":447,"column":70}},"type":"cond-expr","locations":[{"start":{"line":446,"column":10},"end":{"line":446,"column":12}},{"start":{"line":447,"column":10},"end":{"line":447,"column":70}}],"line":445},"54":{"loc":{"start":{"line":450,"column":7},"end":{"line":462,"column":7}},"type":"cond-expr","locations":[{"start":{"line":451,"column":8},"end":{"line":455,"column":11}},{"start":{"line":457,"column":8},"end":{"line":461,"column":11}}],"line":450},"55":{"loc":{"start":{"line":468,"column":5},"end":{"line":468,"column":69}},"type":"cond-expr","locations":[{"start":{"line":468,"column":25},"end":{"line":468,"column":45}},{"start":{"line":468,"column":48},"end":{"line":468,"column":69}}],"line":468},"56":{"loc":{"start":{"line":471,"column":5},"end":{"line":477,"column":11}},"type":"cond-expr","locations":[{"start":{"line":472,"column":8},"end":{"line":474,"column":11}},{"start":{"line":475,"column":8},"end":{"line":477,"column":11}}],"line":471},"57":{"loc":{"start":{"line":481,"column":5},"end":{"line":481,"column":91}},"type":"cond-expr","locations":[{"start":{"line":481,"column":25},"end":{"line":481,"column":59}},{"start":{"line":481,"column":62},"end":{"line":481,"column":91}}],"line":481},"58":{"loc":{"start":{"line":484,"column":5},"end":{"line":498,"column":5}},"type":"cond-expr","locations":[{"start":{"line":485,"column":6},"end":{"line":490,"column":9}},{"start":{"line":492,"column":6},"end":{"line":497,"column":9}}],"line":484},"59":{"loc":{"start":{"line":501,"column":5},"end":{"line":503,"column":361}},"type":"cond-expr","locations":[{"start":{"line":502,"column":8},"end":{"line":502,"column":350}},{"start":{"line":503,"column":8},"end":{"line":503,"column":361}}],"line":501},"60":{"loc":{"start":{"line":510,"column":5},"end":{"line":510,"column":85}},"type":"cond-expr","locations":[{"start":{"line":510,"column":25},"end":{"line":510,"column":49}},{"start":{"line":510,"column":52},"end":{"line":510,"column":85}}],"line":510},"61":{"loc":{"start":{"line":513,"column":5},"end":{"line":519,"column":11}},"type":"cond-expr","locations":[{"start":{"line":514,"column":8},"end":{"line":516,"column":11}},{"start":{"line":517,"column":8},"end":{"line":519,"column":11}}],"line":513},"62":{"loc":{"start":{"line":523,"column":5},"end":{"line":523,"column":131}},"type":"cond-expr","locations":[{"start":{"line":523,"column":25},"end":{"line":523,"column":66}},{"start":{"line":523,"column":69},"end":{"line":523,"column":131}}],"line":523},"63":{"loc":{"start":{"line":526,"column":5},"end":{"line":542,"column":5}},"type":"cond-expr","locations":[{"start":{"line":527,"column":6},"end":{"line":533,"column":9}},{"start":{"line":535,"column":6},"end":{"line":541,"column":9}}],"line":526},"64":{"loc":{"start":{"line":545,"column":5},"end":{"line":555,"column":11}},"type":"cond-expr","locations":[{"start":{"line":546,"column":8},"end":{"line":550,"column":11}},{"start":{"line":551,"column":8},"end":{"line":555,"column":11}}],"line":545},"65":{"loc":{"start":{"line":562,"column":5},"end":{"line":562,"column":104}},"type":"cond-expr","locations":[{"start":{"line":562,"column":25},"end":{"line":562,"column":57}},{"start":{"line":562,"column":60},"end":{"line":562,"column":104}}],"line":562},"66":{"loc":{"start":{"line":565,"column":5},"end":{"line":575,"column":11}},"type":"cond-expr","locations":[{"start":{"line":566,"column":8},"end":{"line":570,"column":11}},{"start":{"line":571,"column":8},"end":{"line":575,"column":11}}],"line":565},"67":{"loc":{"start":{"line":579,"column":5},"end":{"line":579,"column":87}},"type":"cond-expr","locations":[{"start":{"line":579,"column":25},"end":{"line":579,"column":47}},{"start":{"line":579,"column":50},"end":{"line":579,"column":87}}],"line":579},"68":{"loc":{"start":{"line":582,"column":5},"end":{"line":596,"column":5}},"type":"cond-expr","locations":[{"start":{"line":583,"column":6},"end":{"line":588,"column":9}},{"start":{"line":590,"column":6},"end":{"line":595,"column":9}}],"line":582},"69":{"loc":{"start":{"line":599,"column":5},"end":{"line":605,"column":11}},"type":"cond-expr","locations":[{"start":{"line":600,"column":8},"end":{"line":602,"column":11}},{"start":{"line":603,"column":8},"end":{"line":605,"column":11}}],"line":599},"70":{"loc":{"start":{"line":612,"column":7},"end":{"line":612,"column":118}},"type":"cond-expr","locations":[{"start":{"line":612,"column":27},"end":{"line":612,"column":67}},{"start":{"line":612,"column":70},"end":{"line":612,"column":118}}],"line":612},"71":{"loc":{"start":{"line":615,"column":5},"end":{"line":625,"column":11}},"type":"cond-expr","locations":[{"start":{"line":616,"column":8},"end":{"line":620,"column":11}},{"start":{"line":621,"column":8},"end":{"line":625,"column":11}}],"line":615},"72":{"loc":{"start":{"line":632,"column":5},"end":{"line":632,"column":65}},"type":"cond-expr","locations":[{"start":{"line":632,"column":25},"end":{"line":632,"column":42}},{"start":{"line":632,"column":45},"end":{"line":632,"column":65}}],"line":632},"73":{"loc":{"start":{"line":635,"column":5},"end":{"line":641,"column":11}},"type":"cond-expr","locations":[{"start":{"line":636,"column":8},"end":{"line":638,"column":11}},{"start":{"line":639,"column":8},"end":{"line":641,"column":11}}],"line":635},"74":{"loc":{"start":{"line":645,"column":5},"end":{"line":645,"column":84}},"type":"cond-expr","locations":[{"start":{"line":645,"column":25},"end":{"line":645,"column":51}},{"start":{"line":645,"column":54},"end":{"line":645,"column":84}}],"line":645},"75":{"loc":{"start":{"line":648,"column":5},"end":{"line":662,"column":5}},"type":"cond-expr","locations":[{"start":{"line":649,"column":6},"end":{"line":654,"column":9}},{"start":{"line":656,"column":6},"end":{"line":661,"column":9}}],"line":648},"76":{"loc":{"start":{"line":665,"column":5},"end":{"line":671,"column":11}},"type":"cond-expr","locations":[{"start":{"line":666,"column":8},"end":{"line":668,"column":11}},{"start":{"line":669,"column":8},"end":{"line":671,"column":11}}],"line":665},"77":{"loc":{"start":{"line":678,"column":7},"end":{"line":678,"column":72}},"type":"cond-expr","locations":[{"start":{"line":678,"column":27},"end":{"line":678,"column":43}},{"start":{"line":678,"column":46},"end":{"line":678,"column":72}}],"line":678},"78":{"loc":{"start":{"line":681,"column":5},"end":{"line":691,"column":11}},"type":"cond-expr","locations":[{"start":{"line":682,"column":8},"end":{"line":686,"column":11}},{"start":{"line":687,"column":8},"end":{"line":691,"column":11}}],"line":681},"79":{"loc":{"start":{"line":700,"column":7},"end":{"line":700,"column":129}},"type":"cond-expr","locations":[{"start":{"line":700,"column":27},"end":{"line":700,"column":76}},{"start":{"line":700,"column":79},"end":{"line":700,"column":129}}],"line":700},"80":{"loc":{"start":{"line":703,"column":7},"end":{"line":705,"column":217}},"type":"cond-expr","locations":[{"start":{"line":704,"column":10},"end":{"line":704,"column":182}},{"start":{"line":705,"column":10},"end":{"line":705,"column":217}}],"line":703},"81":{"loc":{"start":{"line":712,"column":7},"end":{"line":712,"column":105}},"type":"cond-expr","locations":[{"start":{"line":712,"column":27},"end":{"line":712,"column":60}},{"start":{"line":712,"column":63},"end":{"line":712,"column":105}}],"line":712},"82":{"loc":{"start":{"line":715,"column":7},"end":{"line":717,"column":163}},"type":"cond-expr","locations":[{"start":{"line":716,"column":10},"end":{"line":716,"column":150}},{"start":{"line":717,"column":10},"end":{"line":717,"column":163}}],"line":715},"83":{"loc":{"start":{"line":724,"column":7},"end":{"line":724,"column":68}},"type":"cond-expr","locations":[{"start":{"line":724,"column":27},"end":{"line":724,"column":43}},{"start":{"line":724,"column":46},"end":{"line":724,"column":68}}],"line":724},"84":{"loc":{"start":{"line":727,"column":7},"end":{"line":735,"column":1}},"type":"cond-expr","locations":[{"start":{"line":728,"column":6},"end":{"line":730,"column":9}},{"start":{"line":732,"column":6},"end":{"line":734,"column":9}}],"line":727}},"s":{"0":0,"1":0,"2":0,"3":0,"4":0,"5":0,"6":0,"7":0,"8":0,"9":0,"10":0,"11":0,"12":0,"13":0,"14":0,"15":0,"16":0,"17":0,"18":0,"19":0,"20":0,"21":0,"22":0,"23":0},"f":{"0":0,"1":0,"2":0,"3":0,"4":0,"5":0,"6":0},"b":{"0":[0,0],"1":[0,0],"2":[0,0],"3":[0,0],"4":[0,0],"5":[0,0],"6":[0,0],"7":[0,0],"8":[0,0],"9":[0,0],"10":[0,0],"11":[0,0],"12":[0,0],"13":[0,0],"14":[0,0],"15":[0,0],"16":[0,0],"17":[0,0],"18":[0,0],"19":[0,0],"20":[0,0],"21":[0,0],"22":[0,0],"23":[0,0],"24":[0,0],"25":[0,0],"26":[0,0],"27":[0,0],"28":[0,0],"29":[0,0],"30":[0,0],"31":[0,0],"32":[0,0],"33":[0,0],"34":[0,0],"35":[0,0],"36":[0,0],"37":[0,0],"38":[0,0],"39":[0,0],"40":[0,0],"41":[0,0],"42":[0,0],"43":[0,0],"44":[0,0],"45":[0,0],"46":[0,0],"47":[0,0],"48":[0,0],"49":[0,0],"50":[0,0],"51":[0,0],"52":[0,0],"53":[0,0],"54":[0,0],"55":[0,0],"56":[0,0],"57":[0,0],"58":[0,0],"59":[0,0],"60":[0,0],"61":[0,0],"62":[0,0],"63":[0,0],"64":[0,0],"65":[0,0],"66":[0,0],"67":[0,0],"68":[0,0],"69":[0,0],"70":[0,0],"71":[0,0],"72":[0,0],"73":[0,0],"74":[0,0],"75":[0,0],"76":[0,0],"77":[0,0],"78":[0,0],"79":[0,0],"80":[0,0],"81":[0,0],"82":[0,0],"83":[0,0],"84":[0,0]}}
,"C:\\Users\\HP\\Desktop\\Diplom_Project\\askyinde\\src\\components\\LegalLawPage1.jsx": {"path":"C:\\Users\\HP\\Desktop\\Diplom_Project\\askyinde\\src\\components\\LegalLawPage1.jsx","statementMap":{"0":{"start":{"line":5,"column":22},"end":{"line":344,"column":1}},"1":{"start":{"line":6,"column":19},"end":{"line":6,"column":32}},"2":{"start":{"line":8,"column":19},"end":{"line":8,"column":32}},"3":{"start":{"line":9,"column":36},"end":{"line":9,"column":53}},"4":{"start":{"line":11,"column":34},"end":{"line":11,"column":48}},"5":{"start":{"line":13,"column":25},"end":{"line":13,"column":151}},"6":{"start":{"line":15,"column":2},"end":{"line":20,"column":17}},"7":{"start":{"line":16,"column":19},"end":{"line":16,"column":55}},"8":{"start":{"line":17,"column":16},"end":{"line":17,"column":33}},"9":{"start":{"line":18,"column":4},"end":{"line":18,"column":51}},"10":{"start":{"line":18,"column":27},"end":{"line":18,"column":51}},"11":{"start":{"line":19,"column":4},"end":{"line":19,"column":47}},"12":{"start":{"line":19,"column":25},"end":{"line":19,"column":47}},"13":{"start":{"line":22,"column":2},"end":{"line":343,"column":4}},"14":{"start":{"line":95,"column":6},"end":{"line":95,"column":28}},"15":{"start":{"line":96,"column":6},"end":{"line":96,"column":41}},"16":{"start":{"line":109,"column":6},"end":{"line":109,"column":30}},"17":{"start":{"line":110,"column":6},"end":{"line":110,"column":43}},"18":{"start":{"line":137,"column":23},"end":{"line":137,"column":40}},"19":{"start":{"line":143,"column":23},"end":{"line":143,"column":40}}},"fnMap":{"0":{"name":"(anonymous_0)","decl":{"start":{"line":5,"column":22},"end":{"line":5,"column":23}},"loc":{"start":{"line":5,"column":61},"end":{"line":344,"column":1}},"line":5},"1":{"name":"(anonymous_1)","decl":{"start":{"line":15,"column":12},"end":{"line":15,"column":13}},"loc":{"start":{"line":15,"column":18},"end":{"line":20,"column":3}},"line":15},"2":{"name":"(anonymous_2)","decl":{"start":{"line":94,"column":13},"end":{"line":94,"column":14}},"loc":{"start":{"line":94,"column":19},"end":{"line":97,"column":5}},"line":94},"3":{"name":"(anonymous_3)","decl":{"start":{"line":108,"column":13},"end":{"line":108,"column":14}},"loc":{"start":{"line":108,"column":19},"end":{"line":111,"column":5}},"line":108},"4":{"name":"(anonymous_4)","decl":{"start":{"line":137,"column":17},"end":{"line":137,"column":18}},"loc":{"start":{"line":137,"column":23},"end":{"line":137,"column":40}},"line":137},"5":{"name":"(anonymous_5)","decl":{"start":{"line":143,"column":17},"end":{"line":143,"column":18}},"loc":{"start":{"line":143,"column":23},"end":{"line":143,"column":40}},"line":143}},"branchMap":{"0":{"loc":{"start":{"line":18,"column":4},"end":{"line":18,"column":51}},"type":"if","locations":[{"start":{"line":18,"column":4},"end":{"line":18,"column":51}},{"start":{},"end":{}}],"line":18},"1":{"loc":{"start":{"line":19,"column":4},"end":{"line":19,"column":47}},"type":"if","locations":[{"start":{"line":19,"column":4},"end":{"line":19,"column":47}},{"start":{},"end":{}}],"line":19},"2":{"loc":{"start":{"line":50,"column":11},"end":{"line":69,"column":11}},"type":"cond-expr","locations":[{"start":{"line":51,"column":12},"end":{"line":56,"column":15}},{"start":{"line":58,"column":12},"end":{"line":68,"column":7}}],"line":50},"3":{"loc":{"start":{"line":87,"column":17},"end":{"line":87,"column":77}},"type":"cond-expr","locations":[{"start":{"line":87,"column":41},"end":{"line":87,"column":56}},{"start":{"line":87,"column":59},"end":{"line":87,"column":77}}],"line":87},"4":{"loc":{"start":{"line":89,"column":18},"end":{"line":89,"column":55}},"type":"cond-expr","locations":[{"start":{"line":89,"column":44},"end":{"line":89,"column":49}},{"start":{"line":89,"column":52},"end":{"line":89,"column":55}}],"line":89},"5":{"loc":{"start":{"line":101,"column":15},"end":{"line":101,"column":46}},"type":"cond-expr","locations":[{"start":{"line":101,"column":39},"end":{"line":101,"column":40}},{"start":{"line":101,"column":43},"end":{"line":101,"column":46}}],"line":101},"6":{"loc":{"start":{"line":115,"column":15},"end":{"line":115,"column":48}},"type":"cond-expr","locations":[{"start":{"line":115,"column":41},"end":{"line":115,"column":42}},{"start":{"line":115,"column":45},"end":{"line":115,"column":48}}],"line":115},"7":{"loc":{"start":{"line":133,"column":21},"end":{"line":133,"column":77}},"type":"cond-expr","locations":[{"start":{"line":133,"column":41},"end":{"line":133,"column":56}},{"start":{"line":133,"column":59},"end":{"line":133,"column":77}}],"line":133},"8":{"loc":{"start":{"line":138,"column":118},"end":{"line":138,"column":169}},"type":"cond-expr","locations":[{"start":{"line":138,"column":138},"end":{"line":138,"column":154}},{"start":{"line":138,"column":157},"end":{"line":138,"column":169}}],"line":138},"9":{"loc":{"start":{"line":144,"column":118},"end":{"line":144,"column":169}},"type":"cond-expr","locations":[{"start":{"line":144,"column":138},"end":{"line":144,"column":154}},{"start":{"line":144,"column":157},"end":{"line":144,"column":169}}],"line":144},"10":{"loc":{"start":{"line":153,"column":5},"end":{"line":331,"column":5}},"type":"cond-expr","locations":[{"start":{"line":155,"column":6},"end":{"line":228,"column":12}},{"start":{"line":232,"column":0},"end":{"line":330,"column":6}}],"line":153},"11":{"loc":{"start":{"line":156,"column":52},"end":{"line":156,"column":128}},"type":"cond-expr","locations":[{"start":{"line":156,"column":72},"end":{"line":156,"column":98}},{"start":{"line":156,"column":101},"end":{"line":156,"column":128}}],"line":156},"12":{"loc":{"start":{"line":163,"column":16},"end":{"line":163,"column":45}},"type":"cond-expr","locations":[{"start":{"line":163,"column":36},"end":{"line":163,"column":39}},{"start":{"line":163,"column":42},"end":{"line":163,"column":45}}],"line":163},"13":{"loc":{"start":{"line":166,"column":3},"end":{"line":166,"column":64}},"type":"cond-expr","locations":[{"start":{"line":166,"column":23},"end":{"line":166,"column":41}},{"start":{"line":166,"column":44},"end":{"line":166,"column":64}}],"line":166},"14":{"loc":{"start":{"line":170,"column":54},"end":{"line":170,"column":103}},"type":"cond-expr","locations":[{"start":{"line":170,"column":74},"end":{"line":170,"column":87}},{"start":{"line":170,"column":90},"end":{"line":170,"column":103}}],"line":170},"15":{"loc":{"start":{"line":172,"column":13},"end":{"line":174,"column":460}},"type":"cond-expr","locations":[{"start":{"line":173,"column":16},"end":{"line":173,"column":474}},{"start":{"line":174,"column":16},"end":{"line":174,"column":460}}],"line":172},"16":{"loc":{"start":{"line":179,"column":54},"end":{"line":179,"column":103}},"type":"cond-expr","locations":[{"start":{"line":179,"column":74},"end":{"line":179,"column":87}},{"start":{"line":179,"column":90},"end":{"line":179,"column":103}}],"line":179},"17":{"loc":{"start":{"line":181,"column":13},"end":{"line":183,"column":285}},"type":"cond-expr","locations":[{"start":{"line":182,"column":16},"end":{"line":182,"column":277}},{"start":{"line":183,"column":16},"end":{"line":183,"column":285}}],"line":181},"18":{"loc":{"start":{"line":188,"column":54},"end":{"line":188,"column":125}},"type":"cond-expr","locations":[{"start":{"line":188,"column":74},"end":{"line":188,"column":95}},{"start":{"line":188,"column":98},"end":{"line":188,"column":125}}],"line":188},"19":{"loc":{"start":{"line":189,"column":31},"end":{"line":189,"column":241}},"type":"cond-expr","locations":[{"start":{"line":189,"column":51},"end":{"line":189,"column":124}},{"start":{"line":189,"column":127},"end":{"line":189,"column":241}}],"line":189},"20":{"loc":{"start":{"line":191,"column":13},"end":{"line":207,"column":13}},"type":"cond-expr","locations":[{"start":{"line":192,"column":14},"end":{"line":198,"column":17}},{"start":{"line":200,"column":14},"end":{"line":206,"column":17}}],"line":191},"21":{"loc":{"start":{"line":212,"column":54},"end":{"line":212,"column":119}},"type":"cond-expr","locations":[{"start":{"line":212,"column":74},"end":{"line":212,"column":97}},{"start":{"line":212,"column":100},"end":{"line":212,"column":119}}],"line":212},"22":{"loc":{"start":{"line":214,"column":13},"end":{"line":216,"column":175}},"type":"cond-expr","locations":[{"start":{"line":215,"column":16},"end":{"line":215,"column":172}},{"start":{"line":216,"column":16},"end":{"line":216,"column":175}}],"line":214},"23":{"loc":{"start":{"line":221,"column":54},"end":{"line":221,"column":126}},"type":"cond-expr","locations":[{"start":{"line":221,"column":74},"end":{"line":221,"column":99}},{"start":{"line":221,"column":102},"end":{"line":221,"column":126}}],"line":221},"24":{"loc":{"start":{"line":223,"column":13},"end":{"line":225,"column":169}},"type":"cond-expr","locations":[{"start":{"line":224,"column":16},"end":{"line":224,"column":122}},{"start":{"line":225,"column":16},"end":{"line":225,"column":169}}],"line":223},"25":{"loc":{"start":{"line":235,"column":5},"end":{"line":235,"column":76}},"type":"cond-expr","locations":[{"start":{"line":235,"column":25},"end":{"line":235,"column":48}},{"start":{"line":235,"column":51},"end":{"line":235,"column":76}}],"line":235},"26":{"loc":{"start":{"line":244,"column":16},"end":{"line":244,"column":45}},"type":"cond-expr","locations":[{"start":{"line":244,"column":36},"end":{"line":244,"column":39}},{"start":{"line":244,"column":42},"end":{"line":244,"column":45}}],"line":244},"27":{"loc":{"start":{"line":247,"column":3},"end":{"line":247,"column":62}},"type":"cond-expr","locations":[{"start":{"line":247,"column":23},"end":{"line":247,"column":39}},{"start":{"line":247,"column":42},"end":{"line":247,"column":62}}],"line":247},"28":{"loc":{"start":{"line":253,"column":7},"end":{"line":253,"column":68}},"type":"cond-expr","locations":[{"start":{"line":253,"column":27},"end":{"line":253,"column":46}},{"start":{"line":253,"column":49},"end":{"line":253,"column":68}}],"line":253},"29":{"loc":{"start":{"line":256,"column":7},"end":{"line":258,"column":238}},"type":"cond-expr","locations":[{"start":{"line":257,"column":10},"end":{"line":257,"column":202}},{"start":{"line":258,"column":10},"end":{"line":258,"column":238}}],"line":256},"30":{"loc":{"start":{"line":265,"column":7},"end":{"line":265,"column":103}},"type":"cond-expr","locations":[{"start":{"line":265,"column":27},"end":{"line":265,"column":62}},{"start":{"line":265,"column":65},"end":{"line":265,"column":103}}],"line":265},"31":{"loc":{"start":{"line":268,"column":7},"end":{"line":270,"column":64}},"type":"cond-expr","locations":[{"start":{"line":269,"column":10},"end":{"line":269,"column":76}},{"start":{"line":270,"column":10},"end":{"line":270,"column":64}}],"line":268},"32":{"loc":{"start":{"line":273,"column":7},"end":{"line":285,"column":7}},"type":"cond-expr","locations":[{"start":{"line":274,"column":8},"end":{"line":278,"column":11}},{"start":{"line":280,"column":8},"end":{"line":284,"column":11}}],"line":273},"33":{"loc":{"start":{"line":292,"column":7},"end":{"line":292,"column":123}},"type":"cond-expr","locations":[{"start":{"line":292,"column":27},"end":{"line":292,"column":73}},{"start":{"line":292,"column":76},"end":{"line":292,"column":123}}],"line":292},"34":{"loc":{"start":{"line":295,"column":7},"end":{"line":297,"column":217}},"type":"cond-expr","locations":[{"start":{"line":296,"column":10},"end":{"line":296,"column":182}},{"start":{"line":297,"column":10},"end":{"line":297,"column":217}}],"line":295},"35":{"loc":{"start":{"line":304,"column":7},"end":{"line":304,"column":97}},"type":"cond-expr","locations":[{"start":{"line":304,"column":27},"end":{"line":304,"column":56}},{"start":{"line":304,"column":59},"end":{"line":304,"column":97}}],"line":304},"36":{"loc":{"start":{"line":307,"column":7},"end":{"line":309,"column":163}},"type":"cond-expr","locations":[{"start":{"line":308,"column":10},"end":{"line":308,"column":150}},{"start":{"line":309,"column":10},"end":{"line":309,"column":163}}],"line":307},"37":{"loc":{"start":{"line":316,"column":7},"end":{"line":316,"column":60}},"type":"cond-expr","locations":[{"start":{"line":316,"column":27},"end":{"line":316,"column":39}},{"start":{"line":316,"column":42},"end":{"line":316,"column":60}}],"line":316},"38":{"loc":{"start":{"line":319,"column":7},"end":{"line":327,"column":1}},"type":"cond-expr","locations":[{"start":{"line":320,"column":6},"end":{"line":322,"column":9}},{"start":{"line":324,"column":6},"end":{"line":326,"column":9}}],"line":319}},"s":{"0":0,"1":0,"2":0,"3":0,"4":0,"5":0,"6":0,"7":0,"8":0,"9":0,"10":0,"11":0,"12":0,"13":0,"14":0,"15":0,"16":0,"17":0,"18":0,"19":0},"f":{"0":0,"1":0,"2":0,"3":0,"4":0,"5":0},"b":{"0":[0,0],"1":[0,0],"2":[0,0],"3":[0,0],"4":[0,0],"5":[0,0],"6":[0,0],"7":[0,0],"8":[0,0],"9":[0,0],"10":[0,0],"11":[0,0],"12":[0,0],"13":[0,0],"14":[0,0],"15":[0,0],"16":[0,0],"17":[0,0],"18":[0,0],"19":[0,0],"20":[0,0],"21":[0,0],"22":[0,0],"23":[0,0],"24":[0,0],"25":[0,0],"26":[0,0],"27":[0,0],"28":[0,0],"29":[0,0],"30":[0,0],"31":[0,0],"32":[0,0],"33":[0,0],"34":[0,0],"35":[0,0],"36":[0,0],"37":[0,0],"38":[0,0]}}
,"C:\\Users\\HP\\Desktop\\Diplom_Project\\askyinde\\src\\components\\MainAppPage.jsx": {"path":"C:\\Users\\HP\\Desktop\\Diplom_Project\\askyinde\\src\\components\\MainAppPage.jsx","statementMap":{"0":{"start":{"line":6,"column":20},"end":{"line":848,"column":7}},"1":{"start":{"line":8,"column":38},"end":{"line":8,"column":52}},"2":{"start":{"line":10,"column":38},"end":{"line":10,"column":53}},"3":{"start":{"line":13,"column":34},"end":{"line":13,"column":53}},"4":{"start":{"line":16,"column":44},"end":{"line":16,"column":56}},"5":{"start":{"line":19,"column":18},"end":{"line":27,"column":1}},"6":{"start":{"line":20,"column":2},"end":{"line":26,"column":3}},"7":{"start":{"line":22,"column":4},"end":{"line":22,"column":69}},"8":{"start":{"line":22,"column":54},"end":{"line":22,"column":66}},"9":{"start":{"line":25,"column":4},"end":{"line":25,"column":48}},"10":{"start":{"line":30,"column":34},"end":{"line":30,"column":53}},"11":{"start":{"line":31,"column":30},"end":{"line":31,"column":42}},"12":{"start":{"line":32,"column":40},"end":{"line":32,"column":52}},"13":{"start":{"line":33,"column":38},"end":{"line":33,"column":50}},"14":{"start":{"line":34,"column":38},"end":{"line":34,"column":50}},"15":{"start":{"line":35,"column":38},"end":{"line":35,"column":50}},"16":{"start":{"line":39,"column":18},"end":{"line":39,"column":28}},"17":{"start":{"line":40,"column":0},"end":{"line":40,"column":43}},"18":{"start":{"line":43,"column":16},"end":{"line":43,"column":53}},"19":{"start":{"line":46,"column":15},"end":{"line":46,"column":34}},"20":{"start":{"line":47,"column":0},"end":{"line":47,"column":39}},"21":{"start":{"line":49,"column":16},"end":{"line":49,"column":50}},"22":{"start":{"line":52,"column":44},"end":{"line":52,"column":59}},"23":{"start":{"line":53,"column":38},"end":{"line":53,"column":50}},"24":{"start":{"line":55,"column":17},"end":{"line":59,"column":1}},"25":{"start":{"line":57,"column":55},"end":{"line":57,"column":99}},"26":{"start":{"line":61,"column":19},"end":{"line":61,"column":32}},"27":{"start":{"line":62,"column":19},"
[...]
0,"column":61},"end":{"line":60,"column":74}},"22":{"start":{"line":61,"column":4},"end":{"line":61,"column":74}},"23":{"start":{"line":61,"column":61},"end":{"line":61,"column":74}},"24":{"start":{"line":63,"column":4},"end":{"line":63,"column":18}},"25":{"start":{"line":65,"column":2},"end":{"line":65,"column":19}},"26":{"start":{"line":71,"column":17},"end":{"line":129,"column":1}},"27":{"start":{"line":74,"column":2},"end":{"line":90,"column":3}},"28":{"start":{"line":75,"column":17},"end":{"line":75,"column":45}},"29":{"start":{"line":77,"column":4},"end":{"line":79,"column":5}},"30":{"start":{"line":78,"column":6},"end":{"line":78,"column":73}},"31":{"start":{"line":81,"column":4},"end":{"line":83,"column":5}},"32":{"start":{"line":82,"column":6},"end":{"line":82,"column":73}},"33":{"start":{"line":85,"column":4},"end":{"line":87,"column":5}},"34":{"start":{"line":86,"column":6},"end":{"line":86,"column":73}},"35":{"start":{"line":89,"column":4},"end":{"line":89,"column":30}},"36":{"start":{"line":93,"column":15},"end":{"line":93,"column":40}},"37":{"start":{"line":96,"column":2},"end":{"line":98,"column":3}},"38":{"start":{"line":97,"column":4},"end":{"line":97,"column":75}},"39":{"start":{"line":101,"column":2},"end":{"line":103,"column":3}},"40":{"start":{"line":102,"column":4},"end":{"line":102,"column":75}},"41":{"start":{"line":106,"column":2},"end":{"line":111,"column":3}},"42":{"start":{"line":110,"column":4},"end":{"line":110,"column":75}},"43":{"start":{"line":114,"column":2},"end":{"line":116,"column":3}},"44":{"start":{"line":115,"column":4},"end":{"line":115,"column":75}},"45":{"start":{"line":119,"column":2},"end":{"line":121,"column":3}},"46":{"start":{"line":120,"column":4},"end":{"line":120,"column":75}},"47":{"start":{"line":124,"column":2},"end":{"line":126,"column":3}},"48":{"start":{"line":125,"column":4},"end":{"line":125,"column":74}},"49":{"start":{"line":128,"column":2},"end":{"line":128,"column":73}},"50":{"start":{"line":134,"column":33},"end":{"line":145,"column":1}},"51":{"start":{"line":135,"column":15},"end":{"line":135,"column":40}},"52":{"start":{"line":137,"column":2},"end":{"line":137,"column":50}},"53":{"start":{"line":137,"column":28},"end":{"line":137,"column":50}},"54":{"start":{"line":138,"column":2},"end":{"line":138,"column":55}},"55":{"start":{"line":138,"column":33},"end":{"line":138,"column":55}},"56":{"start":{"line":139,"column":2},"end":{"line":139,"column":52}},"57":{"start":{"line":139,"column":30},"end":{"line":139,"column":52}},"58":{"start":{"line":140,"column":2},"end":{"line":140,"column":52}},"59":{"start":{"line":140,"column":30},"end":{"line":140,"column":52}},"60":{"start":{"line":141,"column":2},"end":{"line":141,"column":51}},"61":{"start":{"line":141,"column":29},"end":{"line":141,"column":51}},"62":{"start":{"line":142,"column":2},"end":{"line":142,"column":51}},"63":{"start":{"line":142,"column":29},"end":{"line":142,"column":51}},"64":{"start":{"line":144,"column":2},"end":{"line":144,"column":23}},"65":{"start":{"line":150,"column":31},"end":{"line":195,"column":1}},"66":{"start":{"line":152,"column":17},"end":{"line":152,"column":43}},"67":{"start":{"line":153,"column":22},"end":{"line":153,"column":53}},"68":{"start":{"line":156,"column":4},"end":{"line":157,"column":46}},"69":{"start":{"line":156,"column":23},"end":{"line":156,"column":40}},"70":{"start":{"line":157,"column":23},"end":{"line":157,"column":45}},"71":{"start":{"line":159,"column":18},"end":{"line":159,"column":20}},"72":{"start":{"line":161,"column":2},"end":{"line":192,"column":3}},"73":{"start":{"line":161,"column":15},"end":{"line":161,"column":16}},"74":{"start":{"line":163,"column":20},"end":{"line":163,"column":58}},"75":{"start":{"line":165,"column":19},"end":{"line":165,"column":69}},"76":{"start":{"line":168,"column":6},"end":{"line":170,"column":16}},"77":{"start":{"line":172,"column":21},"end":{"line":172,"column":58}},"78":{"start":{"line":174,"column":19},"end":{"line":174,"column":47}},"79":{"start":{"line":175,"column":4},"end":{"line":175,"column":46}},"80":{"start":{"line":177,"column":19},"end":{"line":177,"column":64}},"81":{"start":{"line":179,"column":4},"end":{"line":191,"column":7}},"82":{"start":{"line":194,"column":2},"end":{"line":194,"column":51}},"83":{"start":{"line":194,"column":32},"end":{"line":194,"column":49}},"84":{"start":{"line":198,"column":29},"end":{"line":221,"column":1}},"85":{"start":{"line":199,"column":16},"end":{"line":199,"column":18}},"86":{"start":{"line":200,"column":15},"end":{"line":200,"column":38}},"87":{"start":{"line":201,"column":15},"end":{"line":201,"column":40}},"88":{"start":{"line":203,"column":14},"end":{"line":203,"column":15}},"89":{"start":{"line":205,"column":2},"end":{"line":218,"column":3}},"90":{"start":{"line":205,"column":15},"end":{"line":205,"column":16}},"91":{"start":{"line":206,"column":4},"end":{"line":217,"column":5}},"92":{"start":{"line":207,"column":6},"end":{"line":207,"column":35}},"93":{"start":{"line":207,"column":29},"end":{"line":207,"column":35}},"94":{"start":{"line":209,"column":6},"end":{"line":214,"column":9}},"95":{"start":{"line":216,"column":6},"end":{"line":216,"column":14}},"96":{"start":{"line":220,"column":2},"end":{"line":220,"column":15}}},"fnMap":{"0":{"name":"(anonymous_0)","decl":{"start":{"line":30,"column":13},"end":{"line":30,"column":14}},"loc":{"start":{"line":30,"column":27},"end":{"line":30,"column":76}},"line":30},"1":{"name":"(anonymous_1)","decl":{"start":{"line":35,"column":22},"end":{"line":35,"column":23}},"loc":{"start":{"line":35,"column":33},"end":{"line":48,"column":1}},"line":35},"2":{"name":"(anonymous_2)","decl":{"start":{"line":40,"column":31},"end":{"line":40,"column":32}},"loc":{"start":{"line":40,"column":36},"end":{"line":40,"column":52}},"line":40},"3":{"name":"(anonymous_3)","decl":{"start":{"line":43,"column":31},"end":{"line":43,"column":32}},"loc":{"start":{"line":44,"column":4},"end":{"line":44,"column":48}},"line":44},"4":{"name":"(anonymous_4)","decl":{"start":{"line":57,"column":16},"end":{"line":57,"column":17}},"loc":{"start":{"line":57,"column":41},"end":{"line":66,"column":1}},"line":57},"5":{"name":"(anonymous_5)","decl":{"start":{"line":71,"column":17},"end":{"line":71,"column":18}},"loc":{"start":{"line":71,"column":63},"end":{"line":129,"column":1}},"line":71},"6":{"name":"(anonymous_6)","decl":{"start":{"line":134,"column":33},"end":{"line":134,"column":34}},"loc":{"start":{"line":134,"column":50},"end":{"line":145,"column":1}},"line":134},"7":{"name":"(anonymous_7)","decl":{"start":{"line":150,"column":31},"end":{"line":150,"column":32}},"loc":{"start":{"line":150,"column":93},"end":{"line":195,"column":1}},"line":150},"8":{"name":"(anonymous_8)","decl":{"start":{"line":156,"column":18},"end":{"line":156,"column":19}},"loc":{"start":{"line":156,"column":23},"end":{"line":156,"column":40}},"line":156},"9":{"name":"(anonymous_9)","decl":{"start":{"line":157,"column":18},"end":{"line":157,"column":19}},"loc":{"start":{"line":157,"column":23},"end":{"line":157,"column":45}},"line":157},"10":{"name":"(anonymous_10)","decl":{"start":{"line":194,"column":22},"end":{"line":194,"column":23}},"loc":{"start":{"line":194,"column":32},"end":{"line":194,"column":49}},"line":194},"11":{"name":"(anonymous_11)","decl":{"start":{"line":198,"column":29},"end":{"line":198,"column":30}},"loc":{"start":{"line":198,"column":43},"end":{"line":221,"column":1}},"line":198}},"branchMap":{"0":{"loc":{"start":{"line":36,"column":2},"end":{"line":36,"column":26}},"type":"if","locations":[{"start":{"line":36,"column":2},"end":{"line":36,"column":26}},{"start":{},"end":{}}],"line":36},"1":{"loc":{"start":{"line":41,"column":2},"end":{"line":41,"column":33}},"type":"if","locations":[{"start":{"line":41,"column":2},"end":{"line":41,"column":33}},{"start":{},"end":{}}],"line":41},"2":{"loc":{"start":{"line":47,"column":9},"end":{"line":47,"column":37}},"type":"cond-expr","locations":[{"start":{"line":47,"column":18},"end":{"line":47,"column":29}},{"start":{"line":47,"column":32},"end":{"line":47,"column":37}}],"line":47},"3":{"loc":{"start":{"line":58,"column":2},"end":{"line":64,"column":3}},"type":"if","locations":[{"start":{"line":58,"column":2},"end":{"line":64,"column":3}},{"start":{},"end":{}}],"line":58},"4":{"loc":{"start":{"line":58,"column":6},"end":{"line":58,"column":57}},"type":"binary-expr","locations":[{"start":{"line":58,"column":6},"end":{"line":58,"column":27}},{"start":{"line":58,"column":31},"end":{"line":58,"column":57}}],"line":58},"5":{"loc":{"start":{"line":60,"column":4},"end":{"line":60,"column":74}},"type":"if","locations":[{"start":{"line":60,"column":4},"end":{"line":60,"column":74}},{"start":{},"end":{}}],"line":60},"6":{"loc":{"start":{"line":60,"column":8},"end":{"line":60,"column":59}},"type":"binary-expr","locations":[{"start":{"line":60,"column":8},"end":{"line":60,"column":29}},{"start":{"line":60,"column":33},"end":{"line":60,"column":59}}],"line":60},"7":{"loc":{"start":{"line":61,"column":4},"end":{"line":61,"column":74}},"type":"if","locations":[{"start":{"line":61,"column":4},"end":{"line":61,"column":74}},{"start":{},"end":{}}],"line":61},"8":{"loc":{"start":{"line":61,"column":8},"end":{"line":61,"column":59}},"type":"binary-expr","locations":[{"start":{"line":61,"column":8},"end":{"line":61,"column":29}},{"start":{"line":61,"column":33},"end":{"line":61,"column":59}}],"line":61},"9":{"loc":{"start":{"line":74,"column":2},"end":{"line":90,"column":3}},"type":"if","locations":[{"start":{"line":74,"column":2},"end":{"line":90,"column":3}},{"start":{},"end":{}}],"line":74},"10":{"loc":{"start":{"line":77,"column":4},"end":{"line":79,"column":5}},"type":"if","locations":[{"start":{"line":77,"column":4},"end":{"line":79,"column":5}},{"start":{},"end":{}}],"line":77},"11":{"loc":{"start":{"line":78,"column":13},"end":{"line":78,"column":72}},"type":"cond-expr","locations":[{"start":{"line":78,"column":33},"end":{"line":78,"column":51}},{"start":{"line":78,"column":54},"end":{"line":78,"column":72}}],"line":78},"12":{"loc":{"start":{"line":81,"column":4},"end":{"line":83,"column":5}},"type":"if","locations":[{"start":{"line":81,"column":4},"end":{"line":83,"column":5}},{"start":{},"end":{}}],"line":81},"13":{"loc":{"start":{"line":82,"column":13},"end":{"line":82,"column":72}},"type":"cond-expr","locations":[{"start":{"line":82,"column":33},"end":{"line":82,"column":51}},{"start":{"line":82,"column":54},"end":{"line":82,"column":72}}],"line":82},"14":{"loc":{"start":{"line":85,"column":4},"end":{"line":87,"column":5}},"type":"if","locations":[{"start":{"line":85,"column":4},"end":{"line":87,"column":5}},{"start":{},"end":{}}],"line":85},"15":{"loc":{"start":{"line":86,"column":13},"end":{"line":86,"column":72}},"type":"cond-expr","locations":[{"start":{"line":86,"column":33},"end":{"line":86,"column":51}},{"start":{"line":86,"column":54},"end":{"line":86,"column":72}}],"line":86},"16":{"loc":{"start":{"line":96,"column":2},"end":{"line":98,"column":3}},"type":"if","locations":[{"start":{"line":96,"column":2},"end":{"line":98,"column":3}},{"start":{},"end":{}}],"line":96},"17":{"loc":{"start":{"line":96,"column":6},"end":{"line":96,"column":83}},"type":"binary-expr","locations":[{"start":{"line":96,"column":6},"end":{"line":96,"column":26}},{"start":{"line":96,"column":30},"end":{"line":96,"column":56}},{"start":{"line":96,"column":60},"end":{"line":96,"column":83}}],"line":96},"18":{"loc":{"start":{"line":97,"column":11},"end":{"line":97,"column":74}},"type":"cond-expr","locations":[{"start":{"line":97,"column":31},"end":{"line":97,"column":51}},{"start":{"line":97,"column":54},"end":{"line":97,"column":74}}],"line":97},"19":{"loc":{"start":{"line":101,"column":2},"end":{"line":103,"column":3}},"type":"if","locations":[{"start":{"line":101,"column":2},"end":{"line":103,"column":3}},{"start":{},"end":{}}],"line":101},"20":{"loc":{"start":{"line":101,"column":6},"end":{"line":101,"column":60}},"type":"binary-expr","locations":[{"start":{"line":101,"column":6},"end":{"line":101,"column":31}},{"start":{"line":101,"column":35},"end":{"line":101,"column":60}}],"line":101},"21":{"loc":{"start":{"line":102,"column":11},"end":{"line":102,"column":74}},"type":"cond-expr","locations":[{"start":{"line":102,"column":31},"end":{"line":102,"column":51}},{"start":{"line":102,"column":54},"end":{"line":102,"column":74}}],"line":102},"22":{"loc":{"start":{"line":106,"column":2},"end":{"line":111,"column":3}},"type":"if","locations":[{"start":{"line":106,"column":2},"end":{"line":111,"column":3}},{"start":{},"end":{}}],"line":106},"23":{"loc":{"start":{"line":107,"column":4},"end":{"line":108,"column":84}},"type":"binary-expr","locations":[{"start":{"line":107,"column":4},"end":{"line":107,"column":26}},{"start":{"line":107,"column":30},"end":{"line":107,"column":53}},{"start":{"line":107,"column":57},"end":{"line":107,"column":77}},{"start":{"line":108,"column":4},"end":{"line":108,"column":27}},{"start":{"line":108,"column":31},"end":{"line":108,"column":54}},{"start":{"line":108,"column":58},"end":{"line":108,"column":84}}],"line":107},"24":{"loc":{"start":{"line":110,"column":11},"end":{"line":110,"column":74}},"type":"cond-expr","locations":[{"start":{"line":110,"column":31},"end":{"line":110,"column":51}},{"start":{"line":110,"column":54},"end":{"line":110,"column":74}}],"line":110},"25":{"loc":{"start":{"line":114,"column":2},"end":{"line":116,"column":3}},"type":"if","locations":[{"start":{"line":114,"column":2},"end":{"line":116,"column":3}},{"start":{},"end":{}}],"line":114},"26":{"loc":{"start":{"line":114,"column":6},"end":{"line":114,"column":84}},"type":"binary-expr","locations":[{"start":{"line":114,"column":6},"end":{"line":114,"column":28}},{"start":{"line":114,"column":32},"end":{"line":114,"column":56}},{"start":{"line":114,"column":60},"end":{"line":114,"column":84}}],"line":114},"27":{"loc":{"start":{"line":115,"column":11},"end":{"line":115,"column":74}},"type":"cond-expr","locations":[{"start":{"line":115,"column":31},"end":{"line":115,"column":51}},{"start":{"line":115,"column":54},"end":{"line":115,"column":74}}],"line":115},"28":{"loc":{"start":{"line":119,"column":2},"end":{"line":121,"column":3}},"type":"if","locations":[{"start":{"line":119,"column":2},"end":{"line":121,"column":3}},{"start":{},"end":{}}],"line":119},"29":{"loc":{"start":{"line":119,"column":6},"end":{"line":119,"column":79}},"type":"binary-expr","locations":[{"start":{"line":119,"column":6},"end":{"line":119,"column":27}},{"start":{"line":119,"column":31},"end":{"line":119,"column":53}},{"start":{"line":119,"column":57},"end":{"line":119,"column":79}}],"line":119},"30":{"loc":{"start":{"line":120,"column":11},"end":{"line":120,"column":74}},"type":"cond-expr","locations":[{"start":{"line":120,"column":31},"end":{"line":120,"column":51}},{"start":{"line":120,"column":54},"end":{"line":120,"column":74}}],"line":120},"31":{"loc":{"start":{"line":124,"column":2},"end":{"line":126,"column":3}},"type":"if","locations":[{"start":{"line":124,"column":2},"end":{"line":126,"column":3}},{"start":{},"end":{}}],"line":124},"32":{"loc":{"start":{"line":124,"column":6},"end":{"line":124,"column":82}},"type":"binary-expr","locations":[{"start":{"line":124,"column":6},"end":{"line":124,"column":27}},{"start":{"line":124,"column":31},"end":{"line":124,"column":55}},{"start":{"line":124,"column":59},"end":{"line":124,"column":82}}],"line":124},"33":{"loc":{"start":{"line":125,"column":11},"end":{"line":125,"column":73}},"type":"cond-expr","locations":[{"start":{"line":125,"column":31},"end":{"line":125,"column":51}},{"start":{"line":125,"column":54},"end":{"line":125,"column":73}}],"line":125},"34":{"loc":{"start":{"line":128,"column":9},"end":{"line":128,"column":72}},"type":"cond-expr","locations":[{"start":{"line":128,"column":29},"end":{"line":128,"column":49}},{"start":{"line":128,"column":52},"end":{"line":128,"column":72}}],"line":128},"35":{"loc":{"start":{"line":137,"column":2},"end":{"line":137,"column":50}},"type":"if","locations":[{"start":{"line":137,"column":2},"end":{"line":137,"column":50}},{"start":{},"end":{}}],"line":137},"36":{"loc":{"start":{"line":138,"column":2},"end":{"line":138,"column":55}},"type":"if","locations":[{"start":{"line":138,"column":2},"end":{"line":138,"column":55}},{"start":{},"end":{}}],"line":138},"37":{"loc":{"start":{"line":139,"column":2},"end":{"line":139,"column":52}},"type":"if","locations":[{"start":{"line":139,"column":2},"end":{"line":139,"column":52}},{"start":{},"end":{}}],"line":139},"38":{"loc":{"start":{"line":140,"column":2},"end":{"line":140,"column":52}},"type":"if","locations":[{"start":{"line":140,"column":2},"end":{"line":140,"column":52}},{"start":{},"end":{}}],"line":140},"39":{"loc":{"start":{"line":141,"column":2},"end":{"line":141,"column":51}},"type":"if","locations":[{"start":{"line":141,"column":2},"end":{"line":141,"column":51}},{"start":{},"end":{}}],"line":141},"40":{"loc":{"start":{"line":142,"column":2},"end":{"line":142,"column":51}},"type":"if","locations":[{"start":{"line":142,"column":2},"end":{"line":142,"column":51}},{"start":{},"end":{}}],"line":142},"41":{"loc":{"start":{"line":150,"column":69},"end":{"line":150,"column":88}},"type":"default-arg","locations":[{"start":{"line":150,"column":80},"end":{"line":150,"column":88}}],"line":150},"42":{"loc":{"start":{"line":156,"column":4},"end":{"line":157,"column":46}},"type":"binary-expr","locations":[{"start":{"line":156,"column":4},"end":{"line":156,"column":41}},{"start":{"line":157,"column":4},"end":{"line":157,"column":46}}],"line":156},"43":{"loc":{"start":{"line":168,"column":6},"end":{"line":170,"column":16}},"type":"cond-expr","locations":[{"start":{"line":169,"column":10},"end":{"line":169,"column":39}},{"start":{"line":170,"column":10},"end":{"line":170,"column":16}}],"line":168},"44":{"loc":{"start":{"line":207,"column":6},"end":{"line":207,"column":35}},"type":"if","locations":[{"start":{"line":207,"column":6},"end":{"line":207,"column":35}},{"start":{},"end":{}}],"line":207}},"s":{"0":1,"1":1,"2":1,"3":189,"4":1,"5":10,"6":0,"7":10,"8":10,"9":15,"10":10,"11":10,"12":0,"13":0,"14":0,"15":1,"16":1,"17":1,"18":1,"19":23,"20":23,"21":0,"22":23,"23":0,"24":23,"25":0,"26":1,"27":23,"28":23,"29":23,"30":23,"31":0,"32":0,"33":0,"34":0,"35":0,"36":0,"37":0,"38":0,"39":0,"40":0,"41":0,"42":0,"43":0,"44":0,"45":0,"46":0,"47":0,"48":0,"49":0,"50":1,"51":23,"52":23,"53":0,"54":23,"55":0,"56":23,"57":0,"58":23,"59":0,"60":23,"61":0,"62":23,"63":0,"64":23,"65":1,"66":5,"67":5,"68":5,"69":5,"70":10,"71":5,"72":5,"73":5,"74":23,"75":23,"76":23,"77":23,"78":23,"79":23,"80":23,"81":23,"82":5,"83":35,"84":1,"85":3,"86":3,"87":3,"88":3,"89":3,"90":3,"91":16,"92":93,"93":2,"94":91,"95":91,"96":3},"f":{"0":189,"1":10,"2":15,"3":0,"4":23,"5":23,"6":23,"7":5,"8":5,"9":10,"10":35,"11":3},"b":{"0":[0,10],"1":[10,0],"2":[0,0],"3":[23,0],"4":[23,0],"5":[0,23],"6":[23,23],"7":[0,23],"8":[23,23],"9":[23,0],"10":[23,0],"11":[14,9],"12":[0,0],"13":[0,0],"14":[0,0],"15":[0,0],"16":[0,0],"17":[0,0,0],"18":[0,0],"19":[0,0],"20":[0,0],"21":[0,0],"22":[0,0],"23":[0,0,0,0,0,0],"24":[0,0],"25":[0,0],"26":[0,0,0],"27":[0,0],"28":[0,0],"29":[0,0,0],"30":[0,0],"31":[0,0],"32":[0,0,0],"33":[0,0],"34":[0,0],"35":[0,23],"36":[0,23],"37":[0,23],"38":[0,23],"39":[0,23],"40":[0,23],"41":[5],"42":[5,5],"43":[0,23],"44":[2,91]},"_coverageSchema":"1a1c01bbd47fc00a2c39e90264f33305004495a9","hash":"8b029e51c5205157427a38e1f25d3e565ef259c1"}
,"C:\\Users\\HP\\Desktop\\Diplom_Project\\askyinde\\src\\services\\supabase.js": {"path":"C:\\Users\\HP\\Desktop\\Diplom_Project\\askyinde\\src\\services\\supabase.js","statementMap":{"0":{"start":{"line":4,"column":20},"end":{"line":4,"column":54}},"1":{"start":{"line":5,"column":20},"end":{"line":5,"column":59}},"2":{"start":{"line":7,"column":24},"end":{"line":7,"column":62}}},"fnMap":{},"branchMap":{},"s":{"0":0,"1":0,"2":0},"f":{},"b":{}}
}
