TN:
SF:src\App.js
FN:23,(anonymous_0)
FN:27,(anonymous_1)
FN:58,(anonymous_2)
FN:97,(anonymous_3)
FN:147,(anonymous_4)
FN:179,(anonymous_5)
FN:181,(anonymous_6)
FN:182,(anonymous_7)
FN:190,(anonymous_8)
FN:191,(anonymous_9)
FN:192,(anonymous_10)
FN:215,(anonymous_11)
FN:220,(anonymous_12)
FN:221,(anonymous_13)
FN:235,(anonymous_14)
FN:236,(anonymous_15)
FN:237,(anonymous_16)
FN:251,App
FN:254,(anonymous_18)
FN:268,(anonymous_19)
FNF:20
FNH:0
FNDA:0,(anonymous_0)
FNDA:0,(anonymous_1)
FNDA:0,(anonymous_2)
FNDA:0,(anonymous_3)
FNDA:0,(anonymous_4)
FNDA:0,(anonymous_5)
FNDA:0,(anonymous_6)
FNDA:0,(anonymous_7)
FNDA:0,(anonymous_8)
FNDA:0,(anonymous_9)
FNDA:0,(anonymous_10)
FNDA:0,(anonymous_11)
FNDA:0,(anonymous_12)
FNDA:0,(anonymous_13)
FNDA:0,(anonymous_14)
FNDA:0,(anonymous_15)
FNDA:0,(anonymous_16)
FNDA:0,App
FNDA:0,(anonymous_18)
FNDA:0,(anonymous_19)
DA:23,0
DA:24,0
DA:26,0
DA:28,0
DA:30,0
DA:36,0
DA:38,0
DA:46,0
DA:49,0
DA:51,0
DA:52,0
DA:55,0
DA:58,0
DA:61,0
DA:63,0
DA:97,0
DA:147,0
DA:148,0
DA:149,0
DA:150,0
DA:151,0
DA:153,0
DA:154,0
DA:156,0
DA:180,0
DA:181,0
DA:182,0
DA:190,0
DA:191,0
DA:192,0
DA:215,0
DA:220,0
DA:221,0
DA:235,0
DA:236,0
DA:237,0
DA:252,0
DA:254,0
DA:255,0
DA:256,0
DA:259,0
DA:260,0
DA:262,0
DA:268,0
LF:44
LH:0
BRDA:61,0,0,0
BRDA:61,0,1,0
BRDA:184,1,0,0
BRDA:184,1,1,0
BRDA:196,2,0,0
BRDA:196,2,1,0
BRDA:223,3,0,0
BRDA:223,3,1,0
BRDA:226,4,0,0
BRDA:226,4,1,0
BRDA:239,5,0,0
BRDA:239,5,1,0
BRDA:240,6,0,0
BRDA:240,6,1,0
BRDA:256,7,0,0
BRDA:256,7,1,0
BRF:16
BRH:0
end_of_record
TN:
SF:src\index.js
FNF:0
FNH:0
DA:7,0
DA:8,0
LF:2
LH:0
BRF:0
BRH:0
end_of_record
TN:
SF:src\reportWebVitals.js
FN:1,(anonymous_0)
FN:3,(anonymous_1)
FNF:2
FNH:0
FNDA:0,(anonymous_0)
FNDA:0,(anonymous_1)
DA:1,0
DA:2,0
DA:3,0
DA:4,0
DA:5,0
DA:6,0
DA:7,0
DA:8,0
LF:8
LH:0
BRDA:2,0,0,0
BRDA:2,0,1,0
BRDA:2,1,0,0
BRDA:2,1,1,0
BRF:4
BRH:0
end_of_record
TN:
SF:src\components\AskyindeAIChat.jsx
FN:6,(anonymous_0)
FN:17,(anonymous_1)
FN:21,(anonymous_2)
FN:31,(anonymous_3)
FN:42,(anonymous_4)
FN:52,(anonymous_5)
FN:62,(anonymous_6)
FN:77,(anonymous_7)
FN:78,(anonymous_8)
FN:95,(anonymous_9)
FN:129,(anonymous_10)
FN:161,(anonymous_11)
FN:164,(anonymous_12)
FN:189,(anonymous_13)
FN:200,(anonymous_14)
FN:219,(anonymous_15)
FN:220,(anonymous_16)
FNF:17
FNH:0
FNDA:0,(anonymous_0)
FNDA:0,(anonymous_1)
FNDA:0,(anonymous_2)
FNDA:0,(anonymous_3)
FNDA:0,(anonymous_4)
FNDA:0,(anonymous_5)
FNDA:0,(anonymous_6)
FNDA:0,(anonymous_7)
FNDA:0,(anonymous_8)
FNDA:0,(anonymous_9)
FNDA:0,(anonymous_10)
FNDA:0,(anonymous_11)
FNDA:0,(anonymous_12)
FNDA:0,(anonymous_13)
FNDA:0,(anonymous_14)
FNDA:0,(anonymous_15)
FNDA:0,(anonymous_16)
DA:6,0
DA:7,0
DA:8,0
DA:12,0
DA:15,0
DA:17,0
DA:18,0
DA:21,0
DA:22,0
DA:27,0
DA:28,0
DA:31,0
DA:32,0
DA:33,0
DA:39,0
DA:40,0
DA:42,0
DA:48,0
DA:52,0
DA:53,0
DA:54,0
DA:62,0
DA:63,0
DA:64,0
DA:66,0
DA:67,0
DA:68,0
DA:70,0
DA:71,0
DA:73,0
DA:75,0
DA:77,0
DA:78,0
DA:85,0
DA:92,0
DA:94,0
DA:95,0
DA:98,0
DA:100,0
DA:101,0
DA:107,0
DA:108,0
DA:109,0
DA:110,0
DA:111,0
DA:114,0
DA:118,0
DA:119,0
DA:124,0
DA:128,0
DA:129,0
DA:133,0
DA:162,0
DA:164,0
DA:189,0
DA:201,0
DA:219,0
DA:220,0
LF:58
LH:0
BRDA:27,0,0,0
BRDA:27,0,1,0
BRDA:28,1,0,0
BRDA:28,1,1,0
BRDA:39,2,0,0
BRDA:39,2,1,0
BRDA:64,3,0,0
BRDA:64,3,1,0
BRDA:75,4,0,0
BRDA:75,4,1,0
BRDA:79,5,0,0
BRDA:79,5,1,0
BRDA:92,6,0,0
BRDA:92,6,1,0
BRDA:94,7,0,0
BRDA:94,7,1,0
BRDA:94,8,0,0
BRDA:94,8,1,0
BRDA:100,9,0,0
BRDA:100,9,1,0
BRDA:103,10,0,0
BRDA:103,10,1,0
BRDA:107,11,0,0
BRDA:107,11,1,0
BRDA:109,12,0,0
BRDA:109,12,1,0
BRDA:118,13,0,0
BRDA:118,13,1,0
BRDA:118,14,0,0
BRDA:118,14,1,0
BRDA:124,15,0,0
BRDA:124,15,1,0
BRDA:136,16,0,0
BRDA:136,16,1,0
BRDA:140,17,0,0
BRDA:140,17,1,0
BRDA:166,18,0,0
BRDA:166,18,1,0
BRDA:189,19,0,0
BRDA:189,19,1,0
BRDA:192,20,0,0
BRDA:192,20,1,0
BRDA:201,21,0,0
BRDA:201,21,1,0
BRDA:204,22,0,0
BRDA:204,22,1,0
BRDA:206,23,0,0
BRDA:206,23,1,0
BRDA:220,24,0,0
BRDA:220,24,1,0
BRF:50
BRH:0
end_of_record
TN:
SF:src\components\ExploreFlights.jsx
FN:6,(anonymous_0)
FN:13,(anonymous_1)
FN:39,(anonymous_2)
FN:49,(anonymous_3)
FN:57,(anonymous_4)
FN:119,(anonymous_5)
FN:124,(anonymous_6)
FN:125,(anonymous_7)
FN:191,(anonymous_8)
FN:305,(anonymous_9)
FN:309,(anonymous_10)
FN:333,(anonymous_11)
FN:348,(anonymous_12)
FNF:13
FNH:0
FNDA:0,(anonymous_0)
FNDA:0,(anonymous_1)
FNDA:0,(anonymous_2)
FNDA:0,(anonymous_3)
FNDA:0,(anonymous_4)
FNDA:0,(anonymous_5)
FNDA:0,(anonymous_6)
FNDA:0,(anonymous_7)
FNDA:0,(anonymous_8)
FNDA:0,(anonymous_9)
FNDA:0,(anonymous_10)
FNDA:0,(anonymous_11)
FNDA:0,(anonymous_12)
DA:6,0
DA:7,0
DA:9,0
DA:13,0
DA:39,0
DA:40,0
DA:41,0
DA:42,0
DA:44,0
DA:45,0
DA:47,0
DA:49,0
DA:53,0
DA:55,0
DA:57,0
DA:58,0
DA:61,0
DA:79,0
DA:120,0
DA:124,0
DA:125,0
DA:192,0
DA:305,0
DA:309,0
DA:333,0
DA:348,0
LF:26
LH:0
BRDA:19,0,0,0
BRDA:19,0,1,0
BRDA:27,1,0,0
BRDA:27,1,1,0
BRDA:55,2,0,0
BRDA:55,2,1,0
BRDA:58,3,0,0
BRDA:58,3,1,0
BRDA:98,4,0,0
BRDA:98,4,1,0
BRDA:127,5,0,0
BRDA:127,5,1,0
BRDA:133,6,0,0
BRDA:133,6,1,0
BRDA:145,7,0,0
BRDA:145,7,1,0
BRDA:309,8,0,0
BRDA:309,8,1,0
BRDA:331,9,0,0
BRDA:331,9,1,0
BRF:20
BRH:0
end_of_record
TN:
SF:src\components\ExploreFlights1.jsx
FN:5,(anonymous_0)
FN:12,(anonymous_1)
FN:38,(anonymous_2)
FN:140,(anonymous_3)
FNF:4
FNH:0
FNDA:0,(anonymous_0)
FNDA:0,(anonymous_1)
FNDA:0,(anonymous_2)
FNDA:0,(anonymous_3)
DA:5,0
DA:6,0
DA:8,0
DA:12,0
DA:38,0
DA:39,0
DA:40,0
DA:42,0
DA:60,0
DA:141,0
LF:10
LH:0
BRDA:18,0,0,0
BRDA:18,0,1,0
BRDA:26,1,0,0
BRDA:26,1,1,0
BRF:4
BRH:0
end_of_record
TN:
SF:src\components\HelpPage.jsx
FN:4,(anonymous_0)
FN:13,(anonymous_1)
FN:75,(anonymous_2)
FN:76,(anonymous_3)
FN:141,(anonymous_4)
FNF:5
FNH:0
FNDA:0,(anonymous_0)
FNDA:0,(anonymous_1)
FNDA:0,(anonymous_2)
FNDA:0,(anonymous_3)
FNDA:0,(anonymous_4)
DA:4,0
DA:5,0
DA:7,0
DA:8,0
DA:11,0
DA:13,0
DA:14,0
DA:15,0
DA:20,0
DA:43,0
DA:75,0
DA:76,0
DA:142,0
LF:13
LH:0
BRDA:11,0,0,0
BRDA:11,0,1,0
BRDA:14,1,0,0
BRDA:14,1,1,0
BRDA:58,2,0,0
BRDA:58,2,1,0
BRDA:78,3,0,0
BRDA:78,3,1,0
BRDA:81,4,0,0
BRDA:81,4,1,0
BRDA:84,5,0,0
BRDA:84,5,1,0
BRF:12
BRH:0
end_of_record
TN:
SF:src\components\LegalLawPage.jsx
FN:5,(anonymous_0)
FN:12,(anonymous_1)
FN:24,(anonymous_2)
FN:96,(anonymous_3)
FN:110,(anonymous_4)
FN:139,(anonymous_5)
FN:145,(anonymous_6)
FNF:7
FNH:0
FNDA:0,(anonymous_0)
FNDA:0,(anonymous_1)
FNDA:0,(anonymous_2)
FNDA:0,(anonymous_3)
FNDA:0,(anonymous_4)
FNDA:0,(anonymous_5)
FNDA:0,(anonymous_6)
DA:5,0
DA:6,0
DA:7,0
DA:10,0
DA:12,0
DA:13,0
DA:14,0
DA:18,0
DA:20,0
DA:22,0
DA:24,0
DA:25,0
DA:26,0
DA:27,0
DA:28,0
DA:31,0
DA:97,0
DA:98,0
DA:111,0
DA:112,0
DA:139,0
DA:145,0
LF:22
LH:0
BRDA:10,0,0,0
BRDA:10,0,1,0
BRDA:13,1,0,0
BRDA:13,1,1,0
BRDA:27,2,0,0
BRDA:27,2,1,0
BRDA:28,3,0,0
BRDA:28,3,1,0
BRDA:45,4,0,0
BRDA:45,4,1,0
BRDA:62,5,0,0
BRDA:62,5,1,0
BRDA:89,6,0,0
BRDA:89,6,1,0
BRDA:91,7,0,0
BRDA:91,7,1,0
BRDA:103,8,0,0
BRDA:103,8,1,0
BRDA:117,9,0,0
BRDA:117,9,1,0
BRDA:135,10,0,0
BRDA:135,10,1,0
BRDA:140,11,0,0
BRDA:140,11,1,0
BRDA:146,12,0,0
BRDA:146,12,1,0
BRDA:155,13,0,0
BRDA:155,13,1,0
BRDA:158,14,0,0
BRDA:158,14,1,0
BRDA:165,15,0,0
BRDA:165,15,1,0
BRDA:168,16,0,0
BRDA:168,16,1,0
BRDA:172,17,0,0
BRDA:172,17,1,0
BRDA:174,18,0,0
BRDA:174,18,1,0
BRDA:182,19,0,0
BRDA:182,19,1,0
BRDA:185,20,0,0
BRDA:185,20,1,0
BRDA:202,21,0,0
BRDA:202,21,1,0
BRDA:205,22,0,0
BRDA:205,22,1,0
BRDA:222,23,0,0
BRDA:222,23,1,0
BRDA:225,24,0,0
BRDA:225,24,1,0
BRDA:242,25,0,0
BRDA:242,25,1,0
BRDA:245,26,0,0
BRDA:245,26,1,0
BRDA:261,27,0,0
BRDA:261,27,1,0
BRDA:264,28,0,0
BRDA:264,28,1,0
BRDA:269,29,0,0
BRDA:269,29,1,0
BRDA:272,30,0,0
BRDA:272,30,1,0
BRDA:289,31,0,0
BRDA:289,31,1,0
BRDA:297,32,0,0
BRDA:297,32,1,0
BRDA:300,33,0,0
BRDA:300,33,1,0
BRDA:314,34,0,0
BRDA:314,34,1,0
BRDA:317,35,0,0
BRDA:317,35,1,0
BRDA:336,36,0,0
BRDA:336,36,1,0
BRDA:338,37,0,0
BRDA:338,37,1,0
BRDA:345,38,0,0
BRDA:345,38,1,0
BRDA:346,39,0,0
BRDA:346,39,1,0
BRDA:348,40,0,0
BRDA:348,40,1,0
BRDA:369,41,0,0
BRDA:369,41,1,0
BRDA:371,42,0,0
BRDA:371,42,1,0
BRDA:378,43,0,0
BRDA:378,43,1,0
BRDA:380,44,0,0
BRDA:380,44,1,0
BRDA:392,45,0,0
BRDA:392,45,1,0
BRDA:401,46,0,0
BRDA:401,46,1,0
BRDA:404,47,0,0
BRDA:404,47,1,0
BRDA:410,48,0,0
BRDA:410,48,1,0
BRDA:413,49,0,0
BRDA:413,49,1,0
BRDA:421,50,0,0
BRDA:421,50,1,0
BRDA:424,51,0,0
BRDA:424,51,1,0
BRDA:442,52,0,0
BRDA:442,52,1,0
BRDA:445,53,0,0
BRDA:445,53,1,0
BRDA:450,54,0,0
BRDA:450,54,1,0
BRDA:468,55,0,0
BRDA:468,55,1,0
BRDA:471,56,0,0
BRDA:471,56,1,0
BRDA:481,57,0,0
BRDA:481,57,1,0
BRDA:484,58,0,0
BRDA:484,58,1,0
BRDA:501,59,0,0
BRDA:501,59,1,0
BRDA:510,60,0,0
BRDA:510,60,1,0
BRDA:513,61,0,0
BRDA:513,61,1,0
BRDA:523,62,0,0
BRDA:523,62,1,0
BRDA:526,63,0,0
BRDA:526,63,1,0
BRDA:545,64,0,0
BRDA:545,64,1,0
BRDA:562,65,0,0
BRDA:562,65,1,0
BRDA:565,66,0,0
BRDA:565,66,1,0
BRDA:579,67,0,0
BRDA:579,67,1,0
BRDA:582,68,0,0
BRDA:582,68,1,0
BRDA:599,69,0,0
BRDA:599,69,1,0
BRDA:612,70,0,0
BRDA:612,70,1,0
BRDA:615,71,0,0
BRDA:615,71,1,0
BRDA:632,72,0,0
BRDA:632,72,1,0
BRDA:635,73,0,0
BRDA:635,73,1,0
BRDA:645,74,0,0
BRDA:645,74,1,0
BRDA:648,75,0,0
BRDA:648,75,1,0
BRDA:665,76,0,0
BRDA:665,76,1,0
BRDA:678,77,0,0
BRDA:678,77,1,0
BRDA:681,78,0,0
BRDA:681,78,1,0
BRDA:700,79,0,0
BRDA:700,79,1,0
BRDA:703,80,0,0
BRDA:703,80,1,0
BRDA:712,81,0,0
BRDA:712,81,1,0
BRDA:715,82,0,0
BRDA:715,82,1,0
BRDA:724,83,0,0
BRDA:724,83,1,0
BRDA:727,84,0,0
BRDA:727,84,1,0
BRF:170
BRH:0
end_of_record
TN:
SF:src\components\LegalLawPage1.jsx
FN:5,(anonymous_0)
FN:15,(anonymous_1)
FN:94,(anonymous_2)
FN:108,(anonymous_3)
FN:137,(anonymous_4)
FN:143,(anonymous_5)
FNF:6
FNH:0
FNDA:0,(anonymous_0)
FNDA:0,(anonymous_1)
FNDA:0,(anonymous_2)
FNDA:0,(anonymous_3)
FNDA:0,(anonymous_4)
FNDA:0,(anonymous_5)
DA:5,0
DA:6,0
DA:8,0
DA:9,0
DA:11,0
DA:13,0
DA:15,0
DA:16,0
DA:17,0
DA:18,0
DA:19,0
DA:22,0
DA:95,0
DA:96,0
DA:109,0
DA:110,0
DA:137,0
DA:143,0
LF:18
LH:0
BRDA:18,0,0,0
BRDA:18,0,1,0
BRDA:19,1,0,0
BRDA:19,1,1,0
BRDA:50,2,0,0
BRDA:50,2,1,0
BRDA:87,3,0,0
BRDA:87,3,1,0
BRDA:89,4,0,0
BRDA:89,4,1,0
BRDA:101,5,0,0
BRDA:101,5,1,0
BRDA:115,6,0,0
BRDA:115,6,1,0
BRDA:133,7,0,0
BRDA:133,7,1,0
BRDA:138,8,0,0
BRDA:138,8,1,0
BRDA:144,9,0,0
BRDA:144,9,1,0
BRDA:153,10,0,0
BRDA:153,10,1,0
BRDA:156,11,0,0
BRDA:156,11,1,0
BRDA:163,12,0,0
BRDA:163,12,1,0
BRDA:166,13,0,0
BRDA:166,13,1,0
BRDA:170,14,0,0
BRDA:170,14,1,0
BRDA:172,15,0,0
BRDA:172,15,1,0
BRDA:179,16,0,0
BRDA:179,16,1,0
BRDA:181,17,0,0
BRDA:181,17,1,0
BRDA:188,18,0,0
BRDA:188,18,1,0
BRDA:189,19,0,0
BRDA:189,19,1,0
BRDA:191,20,0,0
BRDA:191,20,1,0
BRDA:212,21,0,0
BRDA:212,21,1,0
BRDA:214,22,0,0
BRDA:214,22,1,0
BRDA:221,23,0,0
BRDA:221,23,1,0
BRDA:223,24,0,0
BRDA:223,24,1,0
BRDA:235,25,0,0
BRDA:235,25,1,0
BRDA:244,26,0,0
BRDA:244,26,1,0
BRDA:247,27,0,0
BRDA:247,27,1,0
BRDA:253,28,0,0
BRDA:253,28,1,0
BRDA:256,29,0,0
BRDA:256,29,1,0
BRDA:265,30,0,0
BRDA:265,30,1,0
BRDA:268,31,0,0
BRDA:268,31,1,0
BRDA:273,32,0,0
BRDA:273,32,1,0
BRDA:292,33,0,0
BRDA:292,33,1,0
BRDA:295,34,0,0
BRDA:295,34,1,0
BRDA:304,35,0,0
BRDA:304,35,1,0
BRDA:307,36,0,0
BRDA:307,36,1,0
BRDA:316,37,0,0
BRDA:316,37,1,0
BRDA:319,38,0,0
BRDA:319,38,1,0
BRF:78
BRH:0
end_of_record
TN:
SF:src\components\MainAppPage.jsx
FN:6,(anonymous_0)
FN:19,(anonymous_1)
FN:22,(anonymous_2)
FN:57,(anonymous_3)
FN:71,(anonymous_4)
FN:112,(anonymous_5)
FN:117,(anonymous_6)
FN:118,(anonymous_7)
FN:261,(anonymous_8)
FN:268,(anonymous_9)
FN:288,(anonymous_10)
FN:301,(anonymous_11)
FN:311,(anonymous_12)
FN:312,(anonymous_13)
FN:317,(anonymous_14)
FN:328,(anonymous_15)
FN:329,(anonymous_16)
FN:334,(anonymous_17)
FN:345,(anonymous_18)
FN:382,(anonymous_19)
FN:485,(anonymous_20)
FN:536,(anonymous_21)
FN:544,(anonymous_22)
FN:753,(anonymous_23)
FN:757,(anonymous_24)
FN:791,(anonymous_25)
FN:812,(anonymous_26)
FN:825,(anonymous_27)
FN:839,(anonymous_28)
FN:850,(anonymous_29)
FN:858,(anonymous_30)
FNF:31
FNH:0
FNDA:0,(anonymous_0)
FNDA:0,(anonymous_1)
FNDA:0,(anonymous_2)
FNDA:0,(anonymous_3)
FNDA:0,(anonymous_4)
FNDA:0,(anonymous_5)
FNDA:0,(anonymous_6)
FNDA:0,(anonymous_7)
FNDA:0,(anonymous_8)
FNDA:0,(anonymous_9)
FNDA:0,(anonymous_10)
FNDA:0,(anonymous_11)
FNDA:0,(anonymous_12)
FNDA:0,(anonymous_13)
FNDA:0,(anonymous_14)
FNDA:0,(anonymous_15)
FNDA:0,(anonymous_16)
FNDA:0,(anonymous_17)
FNDA:0,(anonymous_18)
FNDA:0,(anonymous_19)
FNDA:0,(anonymous_20)
FNDA:0,(anonymous_21)
FNDA:0,(anonymous_22)
FNDA:0,(anonymous_23)
FNDA:0,(anonymous_24)
FNDA:0,(anonymous_25)
FNDA:0,(anonymous_26)
FNDA:0,(anonymous_27)
FNDA:0,(anonymous_28)
FNDA:0,(anonymous_29)
FNDA:0,(anonymous_30)
DA:6,0
DA:8,0
DA:10,0
DA:13,0
DA:16,0
DA:19,0
DA:20,0
DA:22,0
DA:25,0
DA:30,0
DA:31,0
DA:32,0
DA:33,0
DA:34,0
DA:35,0
DA:39,0
DA:40,0
DA:43,0
DA:46,0
DA:47,0
DA:49,0
DA:52,0
DA:53,0
DA:55,0
DA:57,0
DA:61,0
DA:62,0
DA:65,0
DA:69,0
DA:71,0
DA:72,0
DA:73,0
DA:77,0
DA:113,0
DA:117,0
DA:118,0
DA:261,0
DA:268,0
DA:288,0
DA:301,0
DA:311,0
DA:312,0
DA:317,0
DA:328,0
DA:329,0
DA:334,0
DA:345,0
DA:383,0
DA:384,0
DA:385,0
DA:389,0
DA:390,0
DA:391,0
DA:393,0
DA:394,0
DA:395,0
DA:398,0
DA:399,0
DA:400,0
DA:401,0
DA:402,0
DA:406,0
DA:414,0
DA:486,0
DA:538,0
DA:540,0
DA:544,0
DA:753,0
DA:758,0
DA:759,0
DA:760,0
DA:791,0
DA:812,0
DA:825,0
DA:839,0
DA:850,0
DA:851,0
DA:853,0
DA:858,0
LF:79
LH:0
BRDA:20,0,0,0
BRDA:20,0,1,0
BRDA:69,1,0,0
BRDA:69,1,1,0
BRDA:72,2,0,0
BRDA:72,2,1,0
BRDA:95,3,0,0
BRDA:95,3,1,0
BRDA:120,4,0,0
BRDA:120,4,1,0
BRDA:127,5,0,0
BRDA:127,5,1,0
BRDA:140,6,0,0
BRDA:140,6,1,0
BRDA:262,7,0,0
BRDA:262,7,1,0
BRDA:269,8,0,0
BRDA:269,8,1,0
BRDA:277,9,0,0
BRDA:277,9,1,0
BRDA:310,10,0,0
BRDA:310,10,1,0
BRDA:312,11,0,0
BRDA:312,11,1,0
BRDA:323,12,0,0
BRDA:323,12,1,0
BRDA:327,13,0,0
BRDA:327,13,1,0
BRDA:329,14,0,0
BRDA:329,14,1,0
BRDA:330,15,0,0
BRDA:330,15,1,0
BRDA:346,16,0,0
BRDA:346,16,1,0
BRDA:383,17,0,0
BRDA:383,17,1,0
BRDA:383,18,0,0
BRDA:383,18,1,0
BRDA:383,18,2,0
BRDA:383,18,3,0
BRDA:393,19,0,0
BRDA:393,19,1,0
BRDA:400,20,0,0
BRDA:400,20,1,0
BRDA:408,21,0,0
BRDA:408,21,1,0
BRDA:409,22,0,0
BRDA:409,22,1,0
BRDA:551,23,0,0
BRDA:551,23,1,0
BRDA:563,24,0,0
BRDA:563,24,1,0
BRDA:758,25,0,0
BRDA:758,25,1,0
BRDA:786,26,0,0
BRDA:786,26,1,0
BRDA:823,27,0,0
BRDA:823,27,1,0
BRDA:837,28,0,0
BRDA:837,28,1,0
BRDA:862,29,0,0
BRDA:862,29,1,0
BRDA:869,30,0,0
BRDA:869,30,1,0
BRF:64
BRH:0
end_of_record
TN:
SF:src\components\ProfilePage.jsx
FN:7,(anonymous_0)
FN:12,(anonymous_1)
FN:41,(anonymous_2)
FN:50,(anonymous_3)
FN:72,(anonymous_4)
FN:81,(anonymous_5)
FN:81,(anonymous_6)
FN:88,(anonymous_7)
FN:91,(anonymous_8)
FN:111,(anonymous_9)
FN:115,(anonymous_10)
FN:142,(anonymous_11)
FN:186,(anonymous_12)
FN:187,(anonymous_13)
FN:197,(anonymous_14)
FN:198,(anonymous_15)
FN:223,(anonymous_16)
FN:239,(anonymous_17)
FN:255,(anonymous_18)
FN:269,(anonymous_19)
FN:270,(anonymous_20)
FN:299,(anonymous_21)
FN:314,(anonymous_22)
FN:324,(anonymous_23)
FN:334,(anonymous_24)
FN:342,(anonymous_25)
FN:355,(anonymous_26)
FN:361,(anonymous_27)
FN:407,(anonymous_28)
FN:411,(anonymous_29)
FN:432,(anonymous_30)
FN:433,(anonymous_31)
FN:456,(anonymous_32)
FN:460,(anonymous_33)
FN:584,(anonymous_34)
FN:609,(anonymous_35)
FN:611,(anonymous_36)
FN:620,(anonymous_37)
FN:623,(anonymous_38)
FN:623,(anonymous_39)
FN:634,(anonymous_40)
FN:646,(anonymous_41)
FN:647,(anonymous_42)
FN:674,(anonymous_43)
FN:676,(anonymous_44)
FN:684,(anonymous_45)
FN:692,(anonymous_46)
FN:786,(anonymous_47)
FN:790,(anonymous_48)
FN:822,(anonymous_49)
FN:843,(anonymous_50)
FN:857,(anonymous_51)
FN:879,(anonymous_52)
FN:890,(anonymous_53)
FN:898,(anonymous_54)
FN:912,(anonymous_55)
FNF:56
FNH:0
FNDA:0,(anonymous_0)
FNDA:0,(anonymous_1)
FNDA:0,(anonymous_2)
FNDA:0,(anonymous_3)
FNDA:0,(anonymous_4)
FNDA:0,(anonymous_5)
FNDA:0,(anonymous_6)
FNDA:0,(anonymous_7)
FNDA:0,(anonymous_8)
FNDA:0,(anonymous_9)
FNDA:0,(anonymous_10)
FNDA:0,(anonymous_11)
FNDA:0,(anonymous_12)
FNDA:0,(anonymous_13)
FNDA:0,(anonymous_14)
FNDA:0,(anonymous_15)
FNDA:0,(anonymous_16)
FNDA:0,(anonymous_17)
FNDA:0,(anonymous_18)
FNDA:0,(anonymous_19)
FNDA:0,(anonymous_20)
FNDA:0,(anonymous_21)
FNDA:0,(anonymous_22)
FNDA:0,(anonymous_23)
FNDA:0,(anonymous_24)
FNDA:0,(anonymous_25)
FNDA:0,(anonymous_26)
FNDA:0,(anonymous_27)
FNDA:0,(anonymous_28)
FNDA:0,(anonymous_29)
FNDA:0,(anonymous_30)
FNDA:0,(anonymous_31)
FNDA:0,(anonymous_32)
FNDA:0,(anonymous_33)
FNDA:0,(anonymous_34)
FNDA:0,(anonymous_35)
FNDA:0,(anonymous_36)
FNDA:0,(anonymous_37)
FNDA:0,(anonymous_38)
FNDA:0,(anonymous_39)
FNDA:0,(anonymous_40)
FNDA:0,(anonymous_41)
FNDA:0,(anonymous_42)
FNDA:0,(anonymous_43)
FNDA:0,(anonymous_44)
FNDA:0,(anonymous_45)
FNDA:0,(anonymous_46)
FNDA:0,(anonymous_47)
FNDA:0,(anonymous_48)
FNDA:0,(anonymous_49)
FNDA:0,(anonymous_50)
FNDA:0,(anonymous_51)
FNDA:0,(anonymous_52)
FNDA:0,(anonymous_53)
FNDA:0,(anonymous_54)
FNDA:0,(anonymous_55)
DA:7,0
DA:8,0
DA:9,0
DA:12,0
DA:13,0
DA:14,0
DA:15,0
DA:16,0
DA:18,0
DA:20,0
DA:21,0
DA:23,0
DA:24,0
DA:25,0
DA:29,0
DA:30,0
DA:31,0
DA:33,0
DA:34,0
DA:36,0
DA:37,0
DA:38,0
DA:39,0
DA:41,0
DA:42,0
DA:43,0
DA:46,0
DA:50,0
DA:51,0
DA:52,0
DA:53,0
DA:55,0
DA:57,0
DA:63,0
DA:64,0
DA:66,0
DA:68,0
DA:72,0
DA:73,0
DA:74,0
DA:75,0
DA:80,0
DA:81,0
DA:83,0
DA:88,0
DA:89,0
DA:91,0
DA:92,0
DA:93,0
DA:94,0
DA:99,0
DA:100,0
DA:101,0
DA:104,0
DA:109,0
DA:111,0
DA:112,0
DA:115,0
DA:116,0
DA:117,0
DA:118,0
DA:121,0
DA:142,0
DA:143,0
DA:144,0
DA:145,0
DA:150,0
DA:186,0
DA:187,0
DA:197,0
DA:198,0
DA:223,0
DA:239,0
DA:255,0
DA:269,0
DA:270,0
DA:299,0
DA:314,0
DA:324,0
DA:334,0
DA:342,0
DA:355,0
DA:362,0
DA:363,0
DA:364,0
DA:368,0
DA:369,0
DA:408,0
DA:411,0
DA:432,0
DA:433,0
DA:457,0
DA:461,0
DA:492,0
DA:523,0
DA:524,0
DA:525,0
DA:526,0
DA:527,0
DA:528,0
DA:529,0
DA:547,0
DA:584,0
DA:609,0
DA:611,0
DA:621,0
DA:623,0
DA:634,0
DA:647,0
DA:674,0
DA:676,0
DA:685,0
DA:692,0
DA:786,0
DA:791,0
DA:792,0
DA:793,0
DA:822,0
DA:843,0
DA:857,0
DA:879,0
DA:890,0
DA:891,0
DA:893,0
DA:898,0
DA:913,0
LF:126
LH:0
BRDA:14,0,0,0
BRDA:14,0,1,0
BRDA:43,1,0,0
BRDA:43,1,1,0
BRDA:46,2,0,0
BRDA:46,2,1,0
BRDA:55,3,0,0
BRDA:55,3,1,0
BRDA:63,4,0,0
BRDA:63,4,1,0
BRDA:64,5,0,0
BRDA:64,5,1,0
BRDA:73,6,0,0
BRDA:73,6,1,0
BRDA:80,7,0,0
BRDA:80,7,1,0
BRDA:93,8,0,0
BRDA:93,8,1,0
BRDA:99,9,0,0
BRDA:99,9,1,0
BRDA:109,10,0,0
BRDA:109,10,1,0
BRDA:112,11,0,0
BRDA:112,11,1,0
BRDA:145,12,0,0
BRDA:145,12,1,0
BRDA:168,13,0,0
BRDA:168,13,1,0
BRDA:189,14,0,0
BRDA:189,14,1,0
BRDA:192,15,0,0
BRDA:192,15,1,0
BRDA:200,16,0,0
BRDA:200,16,1,0
BRDA:203,17,0,0
BRDA:203,17,1,0
BRDA:225,18,0,0
BRDA:225,18,1,0
BRDA:234,19,0,0
BRDA:234,19,1,0
BRDA:241,20,0,0
BRDA:241,20,1,0
BRDA:251,21,0,0
BRDA:251,21,1,0
BRDA:264,22,0,0
BRDA:264,22,1,0
BRDA:272,23,0,0
BRDA:272,23,1,0
BRDA:275,24,0,0
BRDA:275,24,1,0
BRDA:307,25,0,0
BRDA:307,25,1,0
BRDA:363,26,0,0
BRDA:363,26,1,0
BRDA:382,27,0,0
BRDA:382,27,1,0
BRDA:386,28,0,0
BRDA:386,28,1,0
BRDA:390,29,0,0
BRDA:390,29,1,0
BRDA:394,30,0,0
BRDA:394,30,1,0
BRDA:412,31,0,0
BRDA:412,31,1,0
BRDA:425,32,0,0
BRDA:425,32,1,0
BRDA:435,33,0,0
BRDA:435,33,1,0
BRDA:442,34,0,0
BRDA:442,34,1,0
BRDA:453,35,0,0
BRDA:453,35,1,0
BRDA:455,36,0,0
BRDA:455,36,1,0
BRDA:525,37,0,0
BRDA:525,37,1,0
BRDA:525,37,2,0
BRDA:526,38,0,0
BRDA:526,38,1,0
BRDA:526,38,2,0
BRDA:527,39,0,0
BRDA:527,39,1,0
BRDA:527,39,2,0
BRDA:528,40,0,0
BRDA:528,40,1,0
BRDA:528,40,2,0
BRDA:551,41,0,0
BRDA:551,41,1,0
BRDA:553,42,0,0
BRDA:553,42,1,0
BRDA:558,43,0,0
BRDA:558,43,1,0
BRDA:560,44,0,0
BRDA:560,44,1,0
BRDA:607,45,0,0
BRDA:607,45,1,0
BRDA:644,46,0,0
BRDA:644,46,1,0
BRDA:644,46,2,0
BRDA:644,46,3,0
BRDA:664,47,0,0
BRDA:664,47,1,0
BRDA:664,48,0,0
BRDA:664,48,1,0
BRDA:672,49,0,0
BRDA:672,49,1,0
BRDA:791,50,0,0
BRDA:791,50,1,0
BRDA:817,51,0,0
BRDA:817,51,1,0
BRDA:855,52,0,0
BRDA:855,52,1,0
BRDA:877,53,0,0
BRDA:877,53,1,0
BRDA:902,54,0,0
BRDA:902,54,1,0
BRDA:909,55,0,0
BRDA:909,55,1,0
BRF:118
BRH:0
end_of_record
TN:
SF:src\components\UI\Stepper.jsx
FN:4,(anonymous_0)
FN:16,(anonymous_1)
FNF:2
FNH:2
FNDA:20,(anonymous_0)
FNDA:100,(anonymous_1)
DA:4,3
DA:5,20
DA:13,20
DA:17,100
DA:18,100
DA:19,100
DA:21,100
LF:7
LH:7
BRDA:26,0,0,75
BRDA:26,0,1,25
BRDA:31,1,0,55
BRDA:31,1,1,45
BRDA:36,2,0,75
BRDA:36,2,1,25
BRDA:45,3,0,100
BRDA:45,3,1,80
BRDA:49,4,0,55
BRDA:49,4,1,25
BRF:10
BRH:10
end_of_record
TN:
SF:src\context\BookingContext.jsx
FN:7,(anonymous_0)
FN:38,(anonymous_1)
FNF:2
FNH:2
FNDA:11,(anonymous_0)
FNDA:11,(anonymous_1)
DA:4,1
DA:7,1
DA:9,11
DA:12,11
DA:15,11
DA:18,11
DA:21,11
DA:24,11
DA:38,11
LF:9
LH:9
BRF:0
BRH:0
end_of_record
TN:
SF:src\pages\Confirmation.jsx
FN:5,Confirmation
FN:14,(anonymous_1)
FN:33,(anonymous_2)
FN:128,(anonymous_3)
FN:137,(anonymous_4)
FNF:5
FNH:0
FNDA:0,Confirmation
FNDA:0,(anonymous_1)
FNDA:0,(anonymous_2)
FNDA:0,(anonymous_3)
FNDA:0,(anonymous_4)
DA:6,0
DA:8,0
DA:10,0
DA:11,0
DA:14,0
DA:15,0
DA:16,0
DA:17,0
DA:21,0
DA:23,0
DA:33,0
DA:129,0
DA:130,0
DA:137,0
LF:14
LH:0
BRDA:16,0,0,0
BRDA:16,0,1,0
BRDA:16,1,0,0
BRDA:16,1,1,0
BRDA:21,2,0,0
BRDA:21,2,1,0
BRDA:120,3,0,0
BRDA:120,3,1,0
BRF:8
BRH:0
end_of_record
TN:
SF:src\pages\PassengerData.jsx
FN:8,PassengerData
FN:26,(anonymous_1)
FN:30,(anonymous_2)
FN:69,(anonymous_3)
FN:75,(anonymous_4)
FN:117,(anonymous_5)
FN:138,(anonymous_6)
FN:159,(anonymous_7)
FN:171,(anonymous_8)
FN:182,(anonymous_9)
FN:192,(anonymous_10)
FN:211,(anonymous_11)
FNF:12
FNH:8
FNDA:7,PassengerData
FNDA:3,(anonymous_1)
FNDA:3,(anonymous_2)
FNDA:2,(anonymous_3)
FNDA:2,(anonymous_4)
FNDA:0,(anonymous_5)
FNDA:7,(anonymous_6)
FNDA:1,(anonymous_7)
FNDA:1,(anonymous_8)
FNDA:0,(anonymous_9)
FNDA:0,(anonymous_10)
FNDA:0,(anonymous_11)
DA:9,7
DA:10,7
DA:12,7
DA:13,7
DA:16,7
DA:19,7
DA:24,7
DA:26,7
DA:27,3
DA:30,3
DA:31,3
DA:33,3
DA:35,3
DA:37,1
DA:43,0
DA:45,0
DA:46,0
DA:52,0
DA:55,0
DA:56,0
DA:57,0
DA:61,1
DA:65,3
DA:69,7
DA:70,2
DA:71,2
DA:72,2
DA:75,7
DA:77,2
DA:78,1
DA:79,1
DA:82,1
DA:85,1
DA:88,1
DA:89,1
DA:90,1
DA:91,1
DA:100,0
DA:103,1
DA:104,1
DA:107,7
DA:117,0
DA:139,7
DA:159,1
DA:171,1
DA:182,0
DA:192,0
DA:211,0
LF:48
LH:36
BRDA:16,0,0,7
BRDA:16,0,1,0
BRDA:16,1,0,0
BRDA:16,1,1,0
BRDA:35,2,0,1
BRDA:35,2,1,2
BRDA:35,3,0,3
BRDA:35,3,1,1
BRDA:43,4,0,0
BRDA:43,4,1,0
BRDA:43,5,0,0
BRDA:43,5,1,0
BRDA:47,6,0,0
BRDA:47,6,1,0
BRDA:47,6,2,0
BRDA:48,7,0,0
BRDA:48,7,1,0
BRDA:49,8,0,0
BRDA:49,8,1,0
BRDA:50,9,0,0
BRDA:50,9,1,0
BRDA:56,10,0,0
BRDA:56,10,1,0
BRDA:77,11,0,1
BRDA:77,11,1,1
BRDA:77,12,0,2
BRDA:77,12,1,1
BRDA:90,13,0,1
BRDA:90,13,1,0
BRDA:90,14,0,1
BRDA:90,14,1,1
BRDA:144,15,0,7
BRDA:144,15,1,7
BRDA:221,16,0,1
BRDA:221,16,1,6
BRF:35
BRH:16
end_of_record
TN:
SF:src\pages\Payment.jsx
FN:7,Payment
FN:19,(anonymous_1)
FN:42,(anonymous_2)
FN:96,(anonymous_3)
FN:112,(anonymous_4)
FN:132,(anonymous_5)
FN:180,(anonymous_6)
FN:195,(anonymous_7)
FNF:8
FNH:5
FNDA:7,Payment
FNDA:7,(anonymous_1)
FNDA:0,(anonymous_2)
FNDA:1,(anonymous_3)
FNDA:0,(anonymous_4)
FNDA:0,(anonymous_5)
FNDA:1,(anonymous_6)
FNDA:1,(anonymous_7)
DA:8,7
DA:10,7
DA:12,7
DA:13,7
DA:15,7
DA:16,7
DA:19,7
DA:20,7
DA:22,7
DA:24,7
DA:25,1
DA:26,1
DA:29,6
DA:30,0
DA:35,7
DA:38,7
DA:39,7
DA:40,7
DA:42,7
DA:43,0
DA:48,0
DA:49,0
DA:52,0
DA:54,0
DA:55,0
DA:57,0
DA:58,0
DA:59,0
DA:62,0
DA:82,0
DA:84,0
DA:87,0
DA:88,0
DA:91,0
DA:96,7
DA:97,1
DA:98,1
DA:99,1
DA:102,7
DA:112,0
DA:132,0
DA:181,1
DA:182,1
DA:183,1
DA:195,1
LF:45
LH:27
BRDA:24,0,0,1
BRDA:24,0,1,6
BRDA:29,1,0,0
BRDA:29,1,1,6
BRDA:29,2,0,6
BRDA:29,2,1,6
BRDA:35,3,0,0
BRDA:35,3,1,7
BRDA:43,4,0,0
BRDA:43,4,1,0
BRDA:44,5,0,0
BRDA:44,5,1,0
BRDA:44,5,2,0
BRDA:57,6,0,0
BRDA:57,6,1,0
BRDA:76,7,0,0
BRDA:76,7,1,0
BRDA:77,8,0,0
BRDA:77,8,1,0
BRDA:78,9,0,0
BRDA:78,9,1,0
BRDA:82,10,0,0
BRDA:82,10,1,0
BRDA:182,11,0,1
BRDA:182,11,1,0
BRDA:248,12,0,0
BRDA:248,12,1,7
BRF:27
BRH:8
end_of_record
TN:
SF:src\pages\SearchResults.jsx
FN:7,SearchResults
FN:25,(anonymous_1)
FN:32,(anonymous_2)
FN:37,(anonymous_3)
FN:50,(anonymous_4)
FN:83,(anonymous_5)
FN:115,(anonymous_6)
FN:126,(anonymous_7)
FN:142,(anonymous_8)
FN:155,(anonymous_9)
FN:209,(anonymous_10)
FNF:11
FNH:7
FNDA:6,SearchResults
FNDA:3,(anonymous_1)
FNDA:1,(anonymous_2)
FNDA:6,(anonymous_3)
FNDA:0,(anonymous_4)
FNDA:0,(anonymous_5)
FNDA:1,(anonymous_6)
FNDA:0,(anonymous_7)
FNDA:3,(anonymous_8)
FNDA:0,(anonymous_9)
FNDA:1,(anonymous_10)
DA:8,6
DA:9,6
DA:10,6
DA:11,6
DA:13,6
DA:14,6
DA:17,6
DA:25,6
DA:26,3
DA:28,3
DA:29,3
DA:32,6
DA:33,1
DA:34,1
DA:37,6
DA:38,6
DA:41,6
DA:50,6
DA:51,0
DA:52,0
DA:54,0
DA:55,0
DA:57,0
DA:59,0
DA:60,0
DA:63,0
DA:64,0
DA:68,0
DA:70,0
DA:73,6
DA:83,0
DA:115,1
DA:126,0
DA:143,3
DA:156,0
DA:157,0
DA:209,1
LF:37
LH:22
BRDA:17,0,0,6
BRDA:17,0,1,0
BRDA:51,1,0,0
BRDA:51,1,1,0
BRDA:54,2,0,0
BRDA:54,2,1,0
BRDA:57,3,0,0
BRDA:57,3,1,0
BRDA:59,4,0,0
BRDA:59,4,1,0
BRDA:60,5,0,0
BRDA:60,5,1,0
BRDA:63,6,0,0
BRDA:63,6,1,0
BRDA:63,7,0,0
BRDA:63,7,1,0
BRDA:64,8,0,0
BRDA:64,8,1,0
BRDA:64,9,0,0
BRDA:64,9,1,0
BRDA:199,10,0,0
BRDA:199,10,1,3
BRDA:202,11,0,3
BRDA:202,11,1,0
BRF:24
BRH:3
end_of_record
TN:
SF:src\pages\SeatSelection.jsx
FN:7,SeatSelection
FN:27,(anonymous_1)
FN:35,(anonymous_2)
FN:38,(anonymous_3)
FN:64,(anonymous_4)
FN:91,(anonymous_5)
FN:128,(anonymous_6)
FN:141,(anonymous_7)
FN:147,(anonymous_8)
FN:155,(anonymous_9)
FN:156,(anonymous_10)
FN:163,(anonymous_11)
FN:164,(anonymous_12)
FN:173,(anonymous_13)
FN:196,(anonymous_14)
FN:197,(anonymous_15)
FN:206,(anonymous_16)
FNF:17
FNH:0
FNDA:0,SeatSelection
FNDA:0,(anonymous_1)
FNDA:0,(anonymous_2)
FNDA:0,(anonymous_3)
FNDA:0,(anonymous_4)
FNDA:0,(anonymous_5)
FNDA:0,(anonymous_6)
FNDA:0,(anonymous_7)
FNDA:0,(anonymous_8)
FNDA:0,(anonymous_9)
FNDA:0,(anonymous_10)
FNDA:0,(anonymous_11)
FNDA:0,(anonymous_12)
FNDA:0,(anonymous_13)
FNDA:0,(anonymous_14)
FNDA:0,(anonymous_15)
FNDA:0,(anonymous_16)
DA:8,0
DA:9,0
DA:10,0
DA:12,0
DA:13,0
DA:16,0
DA:17,0
DA:27,0
DA:28,0
DA:30,0
DA:31,0
DA:35,0
DA:36,0
DA:38,0
DA:41,0
DA:42,0
DA:44,0
DA:50,0
DA:54,0
DA:64,0
DA:91,0
DA:128,0
DA:142,0
DA:148,0
DA:156,0
DA:158,0
DA:164,0
DA:165,0
DA:167,0
DA:169,0
DA:173,0
DA:197,0
DA:198,0
DA:200,0
DA:202,0
DA:206,0
LF:36
LH:0
BRDA:16,0,0,0
BRDA:16,0,1,0
BRDA:17,1,0,0
BRDA:17,1,1,0
BRDA:36,2,0,0
BRDA:36,2,1,0
BRDA:41,3,0,0
BRDA:41,3,1,0
BRDA:132,4,0,0
BRDA:132,4,1,0
BRDA:165,5,0,0
BRDA:165,5,1,0
BRDA:175,6,0,0
BRDA:175,6,1,0
BRDA:177,7,0,0
BRDA:177,7,1,0
BRDA:183,8,0,0
BRDA:183,8,1,0
BRDA:183,9,0,0
BRDA:183,9,1,0
BRDA:198,10,0,0
BRDA:198,10,1,0
BRDA:208,11,0,0
BRDA:208,11,1,0
BRDA:210,12,0,0
BRDA:210,12,1,0
BRDA:216,13,0,0
BRDA:216,13,1,0
BRDA:216,14,0,0
BRDA:216,14,1,0
BRF:30
BRH:0
end_of_record
TN:
SF:src\services\flightEngine.js
FN:30,(anonymous_0)
FN:35,(anonymous_1)
FN:40,(anonymous_2)
FN:43,(anonymous_3)
FN:57,(anonymous_4)
FN:71,(anonymous_5)
FN:134,(anonymous_6)
FN:150,(anonymous_7)
FN:156,(anonymous_8)
FN:157,(anonymous_9)
FN:194,(anonymous_10)
FN:198,(anonymous_11)
FNF:12
FNH:11
FNDA:189,(anonymous_0)
FNDA:10,(anonymous_1)
FNDA:15,(anonymous_2)
FNDA:0,(anonymous_3)
FNDA:23,(anonymous_4)
FNDA:23,(anonymous_5)
FNDA:23,(anonymous_6)
FNDA:5,(anonymous_7)
FNDA:5,(anonymous_8)
FNDA:10,(anonymous_9)
FNDA:35,(anonymous_10)
FNDA:3,(anonymous_11)
DA:6,1
DA:23,1
DA:30,189
DA:35,1
DA:36,10
DA:38,10
DA:40,15
DA:41,10
DA:43,0
DA:44,0
DA:47,0
DA:53,1
DA:54,1
DA:55,1
DA:57,1
DA:58,23
DA:60,23
DA:61,23
DA:63,23
DA:65,0
DA:71,1
DA:74,23
DA:75,23
DA:77,23
DA:78,23
DA:81,0
DA:82,0
DA:85,0
DA:86,0
DA:89,0
DA:93,0
DA:96,0
DA:97,0
DA:101,0
DA:102,0
DA:106,0
DA:110,0
DA:114,0
DA:115,0
DA:119,0
DA:120,0
DA:124,0
DA:125,0
DA:128,0
DA:134,1
DA:135,23
DA:137,23
DA:138,23
DA:139,23
DA:140,23
DA:141,23
DA:142,23
DA:144,23
DA:150,1
DA:152,5
DA:153,5
DA:156,5
DA:157,10
DA:159,5
DA:161,5
DA:163,23
DA:165,23
DA:168,23
DA:172,23
DA:174,23
DA:175,23
DA:177,23
DA:179,23
DA:194,35
DA:198,1
DA:199,3
DA:200,3
DA:201,3
DA:203,3
DA:205,3
DA:206,16
DA:207,93
DA:209,91
DA:216,91
DA:220,3
LF:80
LH:57
BRDA:36,0,0,0
BRDA:36,0,1,10
BRDA:41,1,0,10
BRDA:41,1,1,0
BRDA:47,2,0,0
BRDA:47,2,1,0
BRDA:58,3,0,23
BRDA:58,3,1,0
BRDA:58,4,0,23
BRDA:58,4,1,0
BRDA:60,5,0,0
BRDA:60,5,1,23
BRDA:60,6,0,23
BRDA:60,6,1,23
BRDA:61,7,0,0
BRDA:61,7,1,23
BRDA:61,8,0,23
BRDA:61,8,1,23
BRDA:74,9,0,23
BRDA:74,9,1,0
BRDA:77,10,0,23
BRDA:77,10,1,0
BRDA:78,11,0,14
BRDA:78,11,1,9
BRDA:81,12,0,0
BRDA:81,12,1,0
BRDA:82,13,0,0
BRDA:82,13,1,0
BRDA:85,14,0,0
BRDA:85,14,1,0
BRDA:86,15,0,0
BRDA:86,15,1,0
BRDA:96,16,0,0
BRDA:96,16,1,0
BRDA:96,17,0,0
BRDA:96,17,1,0
BRDA:96,17,2,0
BRDA:97,18,0,0
BRDA:97,18,1,0
BRDA:101,19,0,0
BRDA:101,19,1,0
BRDA:101,20,0,0
BRDA:101,20,1,0
BRDA:102,21,0,0
BRDA:102,21,1,0
BRDA:106,22,0,0
BRDA:106,22,1,0
BRDA:107,23,0,0
BRDA:107,23,1,0
BRDA:107,23,2,0
BRDA:107,23,3,0
BRDA:107,23,4,0
BRDA:107,23,5,0
BRDA:110,24,0,0
BRDA:110,24,1,0
BRDA:114,25,0,0
BRDA:114,25,1,0
BRDA:114,26,0,0
BRDA:114,26,1,0
BRDA:114,26,2,0
BRDA:115,27,0,0
BRDA:115,27,1,0
BRDA:119,28,0,0
BRDA:119,28,1,0
BRDA:119,29,0,0
BRDA:119,29,1,0
BRDA:119,29,2,0
BRDA:120,30,0,0
BRDA:120,30,1,0
BRDA:124,31,0,0
BRDA:124,31,1,0
BRDA:124,32,0,0
BRDA:124,32,1,0
BRDA:124,32,2,0
BRDA:125,33,0,0
BRDA:125,33,1,0
BRDA:128,34,0,0
BRDA:128,34,1,0
BRDA:137,35,0,0
BRDA:137,35,1,23
BRDA:138,36,0,0
BRDA:138,36,1,23
BRDA:139,37,0,0
BRDA:139,37,1,23
BRDA:140,38,0,0
BRDA:140,38,1,23
BRDA:141,39,0,0
BRDA:141,39,1,23
BRDA:142,40,0,0
BRDA:142,40,1,23
BRDA:150,41,0,5
BRDA:156,42,0,5
BRDA:156,42,1,5
BRDA:168,43,0,0
BRDA:168,43,1,23
BRDA:207,44,0,2
BRDA:207,44,1,91
BRF:97
BRH:26
end_of_record
TN:
SF:src\services\supabase.js
FNF:0
FNH:0
DA:4,0
DA:5,0
DA:7,0
LF:3
LH:0
BRF:0
BRH:0
end_of_record
